The system is: Linux - 4.14.71-v7+ - armv7l
Compiling the CXX compiler identification source file "CMakeCXXCompilerId.cpp" succeeded.
Compiler: /usr/bin/c++ 
Build flags: 
Id flags: 

The output was:
0


Compilation of the CXX compiler identification source "CMakeCXXCompilerId.cpp" produced "a.out"

The CXX compiler identification is GNU, found in "/home/pi/opencv-3.4.0/build/CMakeFiles/3.7.2/CompilerIdCXX/a.out"

Compiling the C compiler identification source file "CMakeCCompilerId.c" succeeded.
Compiler: /usr/bin/cc 
Build flags: 
Id flags: 

The output was:
0


Compilation of the C compiler identification source "CMakeCCompilerId.c" produced "a.out"

The C compiler identification is GNU, found in "/home/pi/opencv-3.4.0/build/CMakeFiles/3.7.2/CompilerIdC/a.out"

Determining if the CXX compiler works passed with the following output:
Change Dir: /home/pi/opencv-3.4.0/build/CMakeFiles/CMakeTmp

Run Build Command:"/usr/bin/make" "cmTC_43974/fast"
/usr/bin/make -f CMakeFiles/cmTC_43974.dir/build.make CMakeFiles/cmTC_43974.dir/build
make[1]: Entering directory '/home/pi/opencv-3.4.0/build/CMakeFiles/CMakeTmp'
Building CXX object CMakeFiles/cmTC_43974.dir/testCXXCompiler.cxx.o
/usr/bin/c++     -fPIE   -o CMakeFiles/cmTC_43974.dir/testCXXCompiler.cxx.o -c /home/pi/opencv-3.4.0/build/CMakeFiles/CMakeTmp/testCXXCompiler.cxx
Linking CXX executable cmTC_43974
/usr/bin/cmake -E cmake_link_script CMakeFiles/cmTC_43974.dir/link.txt --verbose=1
/usr/bin/c++        CMakeFiles/cmTC_43974.dir/testCXXCompiler.cxx.o  -o cmTC_43974 -rdynamic 
make[1]: Leaving directory '/home/pi/opencv-3.4.0/build/CMakeFiles/CMakeTmp'


Detecting CXX compiler ABI info compiled with the following output:
Change Dir: /home/pi/opencv-3.4.0/build/CMakeFiles/CMakeTmp

Run Build Command:"/usr/bin/make" "cmTC_67090/fast"
/usr/bin/make -f CMakeFiles/cmTC_67090.dir/build.make CMakeFiles/cmTC_67090.dir/build
make[1]: Entering directory '/home/pi/opencv-3.4.0/build/CMakeFiles/CMakeTmp'
Building CXX object CMakeFiles/cmTC_67090.dir/CMakeCXXCompilerABI.cpp.o
/usr/bin/c++     -fPIE   -o CMakeFiles/cmTC_67090.dir/CMakeCXXCompilerABI.cpp.o -c /usr/share/cmake-3.7/Modules/CMakeCXXCompilerABI.cpp
Linking CXX executable cmTC_67090
/usr/bin/cmake -E cmake_link_script CMakeFiles/cmTC_67090.dir/link.txt --verbose=1
/usr/bin/c++       -v CMakeFiles/cmTC_67090.dir/CMakeCXXCompilerABI.cpp.o  -o cmTC_67090 -rdynamic  
Using built-in specs.
COLLECT_GCC=/usr/bin/c++
COLLECT_LTO_WRAPPER=/usr/lib/gcc/arm-linux-gnueabihf/6/lto-wrapper
Target: arm-linux-gnueabihf
Configured with: ../src/configure -v --with-pkgversion='Raspbian 6.3.0-18+rpi1+deb9u1' --with-bugurl=file:///usr/share/doc/gcc-6/README.Bugs --enable-languages=c,ada,c++,java,go,d,fortran,objc,obj-c++ --prefix=/usr --program-suffix=-6 --program-prefix=arm-linux-gnueabihf- --enable-shared --enable-linker-build-id --libexecdir=/usr/lib --without-included-gettext --enable-threads=posix --libdir=/usr/lib --enable-nls --with-sysroot=/ --enable-clocale=gnu --enable-libstdcxx-debug --enable-libstdcxx-time=yes --with-default-libstdcxx-abi=new --enable-gnu-unique-object --disable-libitm --disable-libquadmath --enable-plugin --with-system-zlib --disable-browser-plugin --enable-java-awt=gtk --enable-gtk-cairo --with-java-home=/usr/lib/jvm/java-1.5.0-gcj-6-armhf/jre --enable-java-home --with-jvm-root-dir=/usr/lib/jvm/java-1.5.0-gcj-6-armhf --with-jvm-jar-dir=/usr/lib/jvm-exports/java-1.5.0-gcj-6-armhf --with-arch-directory=arm --with-ecj-jar=/usr/share/java/eclipse-ecj.jar --with-target-system-zlib --enable-objc-gc=auto --enable-multiarch --disable-sjlj-exceptions --with-arch=armv6 --with-fpu=vfp --with-float=hard --enable-checking=release --build=arm-linux-gnueabihf --host=arm-linux-gnueabihf --target=arm-linux-gnueabihf
Thread model: posix
gcc version 6.3.0 20170516 (Raspbian 6.3.0-18+rpi1+deb9u1) 
COMPILER_PATH=/usr/lib/gcc/arm-linux-gnueabihf/6/:/usr/lib/gcc/arm-linux-gnueabihf/6/:/usr/lib/gcc/arm-linux-gnueabihf/:/usr/lib/gcc/arm-linux-gnueabihf/6/:/usr/lib/gcc/arm-linux-gnueabihf/
LIBRARY_PATH=/usr/lib/gcc/arm-linux-gnueabihf/6/:/usr/lib/gcc/arm-linux-gnueabihf/6/../../../arm-linux-gnueabihf/:/usr/lib/gcc/arm-linux-gnueabihf/6/../../../:/lib/arm-linux-gnueabihf/:/lib/:/usr/lib/arm-linux-gnueabihf/:/usr/lib/
COLLECT_GCC_OPTIONS='-v' '-o' 'cmTC_67090' '-rdynamic' '-shared-libgcc' '-march=armv6' '-mfloat-abi=hard' '-mfpu=vfp' '-mtls-dialect=gnu'
 /usr/lib/gcc/arm-linux-gnueabihf/6/collect2 -plugin /usr/lib/gcc/arm-linux-gnueabihf/6/liblto_plugin.so -plugin-opt=/usr/lib/gcc/arm-linux-gnueabihf/6/lto-wrapper -plugin-opt=-fresolution=/tmp/cc6h5QyT.res -plugin-opt=-pass-through=-lgcc_s -plugin-opt=-pass-through=-lgcc -plugin-opt=-pass-through=-lc -plugin-opt=-pass-through=-lgcc_s -plugin-opt=-pass-through=-lgcc --sysroot=/ --build-id --eh-frame-hdr -export-dynamic -dynamic-linker /lib/ld-linux-armhf.so.3 -X --hash-style=gnu -m armelf_linux_eabi -o cmTC_67090 /usr/lib/gcc/arm-linux-gnueabihf/6/../../../arm-linux-gnueabihf/crt1.o /usr/lib/gcc/arm-linux-gnueabihf/6/../../../arm-linux-gnueabihf/crti.o /usr/lib/gcc/arm-linux-gnueabihf/6/crtbegin.o -L/usr/lib/gcc/arm-linux-gnueabihf/6 -L/usr/lib/gcc/arm-linux-gnueabihf/6/../../../arm-linux-gnueabihf -L/usr/lib/gcc/arm-linux-gnueabihf/6/../../.. -L/lib/arm-linux-gnueabihf -L/usr/lib/arm-linux-gnueabihf CMakeFiles/cmTC_67090.dir/CMakeCXXCompilerABI.cpp.o -lstdc++ -lm -lgcc_s -lgcc -lc -lgcc_s -lgcc /usr/lib/gcc/arm-linux-gnueabihf/6/crtend.o /usr/lib/gcc/arm-linux-gnueabihf/6/../../../arm-linux-gnueabihf/crtn.o
COLLECT_GCC_OPTIONS='-v' '-o' 'cmTC_67090' '-rdynamic' '-shared-libgcc' '-march=armv6' '-mfloat-abi=hard' '-mfpu=vfp' '-mtls-dialect=gnu'
make[1]: Leaving directory '/home/pi/opencv-3.4.0/build/CMakeFiles/CMakeTmp'


Parsed CXX implicit link information from above output:
  link line regex: [^( *|.*[/\])(ld|([^/\]+-)?ld|collect2)[^/\]*( |$)]
  ignore line: [Change Dir: /home/pi/opencv-3.4.0/build/CMakeFiles/CMakeTmp]
  ignore line: []
  ignore line: [Run Build Command:"/usr/bin/make" "cmTC_67090/fast"]
  ignore line: [/usr/bin/make -f CMakeFiles/cmTC_67090.dir/build.make CMakeFiles/cmTC_67090.dir/build]
  ignore line: [make[1]: Entering directory '/home/pi/opencv-3.4.0/build/CMakeFiles/CMakeTmp']
  ignore line: [Building CXX object CMakeFiles/cmTC_67090.dir/CMakeCXXCompilerABI.cpp.o]
  ignore line: [/usr/bin/c++     -fPIE   -o CMakeFiles/cmTC_67090.dir/CMakeCXXCompilerABI.cpp.o -c /usr/share/cmake-3.7/Modules/CMakeCXXCompilerABI.cpp]
  ignore line: [Linking CXX executable cmTC_67090]
  ignore line: [/usr/bin/cmake -E cmake_link_script CMakeFiles/cmTC_67090.dir/link.txt --verbose=1]
  ignore line: [/usr/bin/c++       -v CMakeFiles/cmTC_67090.dir/CMakeCXXCompilerABI.cpp.o  -o cmTC_67090 -rdynamic  ]
  ignore line: [Using built-in specs.]
  ignore line: [COLLECT_GCC=/usr/bin/c++]
  ignore line: [COLLECT_LTO_WRAPPER=/usr/lib/gcc/arm-linux-gnueabihf/6/lto-wrapper]
  ignore line: [Target: arm-linux-gnueabihf]
  ignore line: [Configured with: ../src/configure -v --with-pkgversion='Raspbian 6.3.0-18+rpi1+deb9u1' --with-bugurl=file:///usr/share/doc/gcc-6/README.Bugs --enable-languages=c,ada,c++,java,go,d,fortran,objc,obj-c++ --prefix=/usr --program-suffix=-6 --program-prefix=arm-linux-gnueabihf- --enable-shared --enable-linker-build-id --libexecdir=/usr/lib --without-included-gettext --enable-threads=posix --libdir=/usr/lib --enable-nls --with-sysroot=/ --enable-clocale=gnu --enable-libstdcxx-debug --enable-libstdcxx-time=yes --with-default-libstdcxx-abi=new --enable-gnu-unique-object --disable-libitm --disable-libquadmath --enable-plugin --with-system-zlib --disable-browser-plugin --enable-java-awt=gtk --enable-gtk-cairo --with-java-home=/usr/lib/jvm/java-1.5.0-gcj-6-armhf/jre --enable-java-home --with-jvm-root-dir=/usr/lib/jvm/java-1.5.0-gcj-6-armhf --with-jvm-jar-dir=/usr/lib/jvm-exports/java-1.5.0-gcj-6-armhf --with-arch-directory=arm --with-ecj-jar=/usr/share/java/eclipse-ecj.jar --with-target-system-zlib --enable-objc-gc=auto --enable-multiarch --disable-sjlj-exceptions --with-arch=armv6 --with-fpu=vfp --with-float=hard --enable-checking=release --build=arm-linux-gnueabihf --host=arm-linux-gnueabihf --target=arm-linux-gnueabihf]
  ignore line: [Thread model: posix]
  ignore line: [gcc version 6.3.0 20170516 (Raspbian 6.3.0-18+rpi1+deb9u1) ]
  ignore line: [COMPILER_PATH=/usr/lib/gcc/arm-linux-gnueabihf/6/:/usr/lib/gcc/arm-linux-gnueabihf/6/:/usr/lib/gcc/arm-linux-gnueabihf/:/usr/lib/gcc/arm-linux-gnueabihf/6/:/usr/lib/gcc/arm-linux-gnueabihf/]
  ignore line: [LIBRARY_PATH=/usr/lib/gcc/arm-linux-gnueabihf/6/:/usr/lib/gcc/arm-linux-gnueabihf/6/../../../arm-linux-gnueabihf/:/usr/lib/gcc/arm-linux-gnueabihf/6/../../../:/lib/arm-linux-gnueabihf/:/lib/:/usr/lib/arm-linux-gnueabihf/:/usr/lib/]
  ignore line: [COLLECT_GCC_OPTIONS='-v' '-o' 'cmTC_67090' '-rdynamic' '-shared-libgcc' '-march=armv6' '-mfloat-abi=hard' '-mfpu=vfp' '-mtls-dialect=gnu']
  link line: [ /usr/lib/gcc/arm-linux-gnueabihf/6/collect2 -plugin /usr/lib/gcc/arm-linux-gnueabihf/6/liblto_plugin.so -plugin-opt=/usr/lib/gcc/arm-linux-gnueabihf/6/lto-wrapper -plugin-opt=-fresolution=/tmp/cc6h5QyT.res -plugin-opt=-pass-through=-lgcc_s -plugin-opt=-pass-through=-lgcc -plugin-opt=-pass-through=-lc -plugin-opt=-pass-through=-lgcc_s -plugin-opt=-pass-through=-lgcc --sysroot=/ --build-id --eh-frame-hdr -export-dynamic -dynamic-linker /lib/ld-linux-armhf.so.3 -X --hash-style=gnu -m armelf_linux_eabi -o cmTC_67090 /usr/lib/gcc/arm-linux-gnueabihf/6/../../../arm-linux-gnueabihf/crt1.o /usr/lib/gcc/arm-linux-gnueabihf/6/../../../arm-linux-gnueabihf/crti.o /usr/lib/gcc/arm-linux-gnueabihf/6/crtbegin.o -L/usr/lib/gcc/arm-linux-gnueabihf/6 -L/usr/lib/gcc/arm-linux-gnueabihf/6/../../../arm-linux-gnueabihf -L/usr/lib/gcc/arm-linux-gnueabihf/6/../../.. -L/lib/arm-linux-gnueabihf -L/usr/lib/arm-linux-gnueabihf CMakeFiles/cmTC_67090.dir/CMakeCXXCompilerABI.cpp.o -lstdc++ -lm -lgcc_s -lgcc -lc -lgcc_s -lgcc /usr/lib/gcc/arm-linux-gnueabihf/6/crtend.o /usr/lib/gcc/arm-linux-gnueabihf/6/../../../arm-linux-gnueabihf/crtn.o]
    arg [/usr/lib/gcc/arm-linux-gnueabihf/6/collect2] ==> ignore
    arg [-plugin] ==> ignore
    arg [/usr/lib/gcc/arm-linux-gnueabihf/6/liblto_plugin.so] ==> ignore
    arg [-plugin-opt=/usr/lib/gcc/arm-linux-gnueabihf/6/lto-wrapper] ==> ignore
    arg [-plugin-opt=-fresolution=/tmp/cc6h5QyT.res] ==> ignore
    arg [-plugin-opt=-pass-through=-lgcc_s] ==> ignore
    arg [-plugin-opt=-pass-through=-lgcc] ==> ignore
    arg [-plugin-opt=-pass-through=-lc] ==> ignore
    arg [-plugin-opt=-pass-through=-lgcc_s] ==> ignore
    arg [-plugin-opt=-pass-through=-lgcc] ==> ignore
    arg [--sysroot=/] ==> ignore
    arg [--build-id] ==> ignore
    arg [--eh-frame-hdr] ==> ignore
    arg [-export-dynamic] ==> ignore
    arg [-dynamic-linker] ==> ignore
    arg [/lib/ld-linux-armhf.so.3] ==> ignore
    arg [-X] ==> ignore
    arg [--hash-style=gnu] ==> ignore
    arg [-m] ==> ignore
    arg [armelf_linux_eabi] ==> ignore
    arg [-o] ==> ignore
    arg [cmTC_67090] ==> ignore
    arg [/usr/lib/gcc/arm-linux-gnueabihf/6/../../../arm-linux-gnueabihf/crt1.o] ==> ignore
    arg [/usr/lib/gcc/arm-linux-gnueabihf/6/../../../arm-linux-gnueabihf/crti.o] ==> ignore
    arg [/usr/lib/gcc/arm-linux-gnueabihf/6/crtbegin.o] ==> ignore
    arg [-L/usr/lib/gcc/arm-linux-gnueabihf/6] ==> dir [/usr/lib/gcc/arm-linux-gnueabihf/6]
    arg [-L/usr/lib/gcc/arm-linux-gnueabihf/6/../../../arm-linux-gnueabihf] ==> dir [/usr/lib/gcc/arm-linux-gnueabihf/6/../../../arm-linux-gnueabihf]
    arg [-L/usr/lib/gcc/arm-linux-gnueabihf/6/../../..] ==> dir [/usr/lib/gcc/arm-linux-gnueabihf/6/../../..]
    arg [-L/lib/arm-linux-gnueabihf] ==> dir [/lib/arm-linux-gnueabihf]
    arg [-L/usr/lib/arm-linux-gnueabihf] ==> dir [/usr/lib/arm-linux-gnueabihf]
    arg [CMakeFiles/cmTC_67090.dir/CMakeCXXCompilerABI.cpp.o] ==> ignore
    arg [-lstdc++] ==> lib [stdc++]
    arg [-lm] ==> lib [m]
    arg [-lgcc_s] ==> lib [gcc_s]
    arg [-lgcc] ==> lib [gcc]
    arg [-lc] ==> lib [c]
    arg [-lgcc_s] ==> lib [gcc_s]
    arg [-lgcc] ==> lib [gcc]
    arg [/usr/lib/gcc/arm-linux-gnueabihf/6/crtend.o] ==> ignore
    arg [/usr/lib/gcc/arm-linux-gnueabihf/6/../../../arm-linux-gnueabihf/crtn.o] ==> ignore
  remove lib [gcc_s]
  remove lib [gcc]
  remove lib [gcc_s]
  remove lib [gcc]
  collapse library dir [/usr/lib/gcc/arm-linux-gnueabihf/6] ==> [/usr/lib/gcc/arm-linux-gnueabihf/6]
  collapse library dir [/usr/lib/gcc/arm-linux-gnueabihf/6/../../../arm-linux-gnueabihf] ==> [/usr/lib/arm-linux-gnueabihf]
  collapse library dir [/usr/lib/gcc/arm-linux-gnueabihf/6/../../..] ==> [/usr/lib]
  collapse library dir [/lib/arm-linux-gnueabihf] ==> [/lib/arm-linux-gnueabihf]
  collapse library dir [/usr/lib/arm-linux-gnueabihf] ==> [/usr/lib/arm-linux-gnueabihf]
  implicit libs: [stdc++;m;c]
  implicit dirs: [/usr/lib/gcc/arm-linux-gnueabihf/6;/usr/lib/arm-linux-gnueabihf;/usr/lib;/lib/arm-linux-gnueabihf]
  implicit fwks: []




Detecting CXX [-std=c++14] compiler features compiled with the following output:
Change Dir: /home/pi/opencv-3.4.0/build/CMakeFiles/CMakeTmp

Run Build Command:"/usr/bin/make" "cmTC_7c642/fast"
/usr/bin/make -f CMakeFiles/cmTC_7c642.dir/build.make CMakeFiles/cmTC_7c642.dir/build
make[1]: Entering directory '/home/pi/opencv-3.4.0/build/CMakeFiles/CMakeTmp'
Building CXX object CMakeFiles/cmTC_7c642.dir/feature_tests.cxx.o
/usr/bin/c++     -fPIE   -std=c++14 -o CMakeFiles/cmTC_7c642.dir/feature_tests.cxx.o -c /home/pi/opencv-3.4.0/build/CMakeFiles/feature_tests.cxx
Linking CXX executable cmTC_7c642
/usr/bin/cmake -E cmake_link_script CMakeFiles/cmTC_7c642.dir/link.txt --verbose=1
/usr/bin/c++        CMakeFiles/cmTC_7c642.dir/feature_tests.cxx.o  -o cmTC_7c642 -rdynamic 
make[1]: Leaving directory '/home/pi/opencv-3.4.0/build/CMakeFiles/CMakeTmp'


    Feature record: CXX_FEATURE:1cxx_aggregate_default_initializers
    Feature record: CXX_FEATURE:1cxx_alias_templates
    Feature record: CXX_FEATURE:1cxx_alignas
    Feature record: CXX_FEATURE:1cxx_alignof
    Feature record: CXX_FEATURE:1cxx_attributes
    Feature record: CXX_FEATURE:1cxx_attribute_deprecated
    Feature record: CXX_FEATURE:1cxx_auto_type
    Feature record: CXX_FEATURE:1cxx_binary_literals
    Feature record: CXX_FEATURE:1cxx_constexpr
    Feature record: CXX_FEATURE:1cxx_contextual_conversions
    Feature record: CXX_FEATURE:1cxx_decltype
    Feature record: CXX_FEATURE:1cxx_decltype_auto
    Feature record: CXX_FEATURE:1cxx_decltype_incomplete_return_types
    Feature record: CXX_FEATURE:1cxx_default_function_template_args
    Feature record: CXX_FEATURE:1cxx_defaulted_functions
    Feature record: CXX_FEATURE:1cxx_defaulted_move_initializers
    Feature record: CXX_FEATURE:1cxx_delegating_constructors
    Feature record: CXX_FEATURE:1cxx_deleted_functions
    Feature record: CXX_FEATURE:1cxx_digit_separators
    Feature record: CXX_FEATURE:1cxx_enum_forward_declarations
    Feature record: CXX_FEATURE:1cxx_explicit_conversions
    Feature record: CXX_FEATURE:1cxx_extended_friend_declarations
    Feature record: CXX_FEATURE:1cxx_extern_templates
    Feature record: CXX_FEATURE:1cxx_final
    Feature record: CXX_FEATURE:1cxx_func_identifier
    Feature record: CXX_FEATURE:1cxx_generalized_initializers
    Feature record: CXX_FEATURE:1cxx_generic_lambdas
    Feature record: CXX_FEATURE:1cxx_inheriting_constructors
    Feature record: CXX_FEATURE:1cxx_inline_namespaces
    Feature record: CXX_FEATURE:1cxx_lambdas
    Feature record: CXX_FEATURE:1cxx_lambda_init_captures
    Feature record: CXX_FEATURE:1cxx_local_type_template_args
    Feature record: CXX_FEATURE:1cxx_long_long_type
    Feature record: CXX_FEATURE:1cxx_noexcept
    Feature record: CXX_FEATURE:1cxx_nonstatic_member_init
    Feature record: CXX_FEATURE:1cxx_nullptr
    Feature record: CXX_FEATURE:1cxx_override
    Feature record: CXX_FEATURE:1cxx_range_for
    Feature record: CXX_FEATURE:1cxx_raw_string_literals
    Feature record: CXX_FEATURE:1cxx_reference_qualified_functions
    Feature record: CXX_FEATURE:1cxx_relaxed_constexpr
    Feature record: CXX_FEATURE:1cxx_return_type_deduction
    Feature record: CXX_FEATURE:1cxx_right_angle_brackets
    Feature record: CXX_FEATURE:1cxx_rvalue_references
    Feature record: CXX_FEATURE:1cxx_sizeof_member
    Feature record: CXX_FEATURE:1cxx_static_assert
    Feature record: CXX_FEATURE:1cxx_strong_enums
    Feature record: CXX_FEATURE:1cxx_template_template_parameters
    Feature record: CXX_FEATURE:1cxx_thread_local
    Feature record: CXX_FEATURE:1cxx_trailing_return_types
    Feature record: CXX_FEATURE:1cxx_unicode_literals
    Feature record: CXX_FEATURE:1cxx_uniform_initialization
    Feature record: CXX_FEATURE:1cxx_unrestricted_unions
    Feature record: CXX_FEATURE:1cxx_user_literals
    Feature record: CXX_FEATURE:1cxx_variable_templates
    Feature record: CXX_FEATURE:1cxx_variadic_macros
    Feature record: CXX_FEATURE:1cxx_variadic_templates


Detecting CXX [-std=c++11] compiler features compiled with the following output:
Change Dir: /home/pi/opencv-3.4.0/build/CMakeFiles/CMakeTmp

Run Build Command:"/usr/bin/make" "cmTC_62bce/fast"
/usr/bin/make -f CMakeFiles/cmTC_62bce.dir/build.make CMakeFiles/cmTC_62bce.dir/build
make[1]: Entering directory '/home/pi/opencv-3.4.0/build/CMakeFiles/CMakeTmp'
Building CXX object CMakeFiles/cmTC_62bce.dir/feature_tests.cxx.o
/usr/bin/c++     -fPIE   -std=c++11 -o CMakeFiles/cmTC_62bce.dir/feature_tests.cxx.o -c /home/pi/opencv-3.4.0/build/CMakeFiles/feature_tests.cxx
Linking CXX executable cmTC_62bce
/usr/bin/cmake -E cmake_link_script CMakeFiles/cmTC_62bce.dir/link.txt --verbose=1
/usr/bin/c++        CMakeFiles/cmTC_62bce.dir/feature_tests.cxx.o  -o cmTC_62bce -rdynamic 
make[1]: Leaving directory '/home/pi/opencv-3.4.0/build/CMakeFiles/CMakeTmp'


    Feature record: CXX_FEATURE:0cxx_aggregate_default_initializers
    Feature record: CXX_FEATURE:1cxx_alias_templates
    Feature record: CXX_FEATURE:1cxx_alignas
    Feature record: CXX_FEATURE:1cxx_alignof
    Feature record: CXX_FEATURE:1cxx_attributes
    Feature record: CXX_FEATURE:0cxx_attribute_deprecated
    Feature record: CXX_FEATURE:1cxx_auto_type
    Feature record: CXX_FEATURE:0cxx_binary_literals
    Feature record: CXX_FEATURE:1cxx_constexpr
    Feature record: CXX_FEATURE:0cxx_contextual_conversions
    Feature record: CXX_FEATURE:1cxx_decltype
    Feature record: CXX_FEATURE:0cxx_decltype_auto
    Feature record: CXX_FEATURE:1cxx_decltype_incomplete_return_types
    Feature record: CXX_FEATURE:1cxx_default_function_template_args
    Feature record: CXX_FEATURE:1cxx_defaulted_functions
    Feature record: CXX_FEATURE:1cxx_defaulted_move_initializers
    Feature record: CXX_FEATURE:1cxx_delegating_constructors
    Feature record: CXX_FEATURE:1cxx_deleted_functions
    Feature record: CXX_FEATURE:0cxx_digit_separators
    Feature record: CXX_FEATURE:1cxx_enum_forward_declarations
    Feature record: CXX_FEATURE:1cxx_explicit_conversions
    Feature record: CXX_FEATURE:1cxx_extended_friend_declarations
    Feature record: CXX_FEATURE:1cxx_extern_templates
    Feature record: CXX_FEATURE:1cxx_final
    Feature record: CXX_FEATURE:1cxx_func_identifier
    Feature record: CXX_FEATURE:1cxx_generalized_initializers
    Feature record: CXX_FEATURE:0cxx_generic_lambdas
    Feature record: CXX_FEATURE:1cxx_inheriting_constructors
    Feature record: CXX_FEATURE:1cxx_inline_namespaces
    Feature record: CXX_FEATURE:1cxx_lambdas
    Feature record: CXX_FEATURE:0cxx_lambda_init_captures
    Feature record: CXX_FEATURE:1cxx_local_type_template_args
    Feature record: CXX_FEATURE:1cxx_long_long_type
    Feature record: CXX_FEATURE:1cxx_noexcept
    Feature record: CXX_FEATURE:1cxx_nonstatic_member_init
    Feature record: CXX_FEATURE:1cxx_nullptr
    Feature record: CXX_FEATURE:1cxx_override
    Feature record: CXX_FEATURE:1cxx_range_for
    Feature record: CXX_FEATURE:1cxx_raw_string_literals
    Feature record: CXX_FEATURE:1cxx_reference_qualified_functions
    Feature record: CXX_FEATURE:0cxx_relaxed_constexpr
    Feature record: CXX_FEATURE:0cxx_return_type_deduction
    Feature record: CXX_FEATURE:1cxx_right_angle_brackets
    Feature record: CXX_FEATURE:1cxx_rvalue_references
    Feature record: CXX_FEATURE:1cxx_sizeof_member
    Feature record: CXX_FEATURE:1cxx_static_assert
    Feature record: CXX_FEATURE:1cxx_strong_enums
    Feature record: CXX_FEATURE:1cxx_template_template_parameters
    Feature record: CXX_FEATURE:1cxx_thread_local
    Feature record: CXX_FEATURE:1cxx_trailing_return_types
    Feature record: CXX_FEATURE:1cxx_unicode_literals
    Feature record: CXX_FEATURE:1cxx_uniform_initialization
    Feature record: CXX_FEATURE:1cxx_unrestricted_unions
    Feature record: CXX_FEATURE:1cxx_user_literals
    Feature record: CXX_FEATURE:0cxx_variable_templates
    Feature record: CXX_FEATURE:1cxx_variadic_macros
    Feature record: CXX_FEATURE:1cxx_variadic_templates


Detecting CXX [-std=c++98] compiler features compiled with the following output:
Change Dir: /home/pi/opencv-3.4.0/build/CMakeFiles/CMakeTmp

Run Build Command:"/usr/bin/make" "cmTC_6be14/fast"
/usr/bin/make -f CMakeFiles/cmTC_6be14.dir/build.make CMakeFiles/cmTC_6be14.dir/build
make[1]: Entering directory '/home/pi/opencv-3.4.0/build/CMakeFiles/CMakeTmp'
Building CXX object CMakeFiles/cmTC_6be14.dir/feature_tests.cxx.o
/usr/bin/c++     -fPIE   -std=c++98 -o CMakeFiles/cmTC_6be14.dir/feature_tests.cxx.o -c /home/pi/opencv-3.4.0/build/CMakeFiles/feature_tests.cxx
Linking CXX executable cmTC_6be14
/usr/bin/cmake -E cmake_link_script CMakeFiles/cmTC_6be14.dir/link.txt --verbose=1
/usr/bin/c++        CMakeFiles/cmTC_6be14.dir/feature_tests.cxx.o  -o cmTC_6be14 -rdynamic 
make[1]: Leaving directory '/home/pi/opencv-3.4.0/build/CMakeFiles/CMakeTmp'


    Feature record: CXX_FEATURE:0cxx_aggregate_default_initializers
    Feature record: CXX_FEATURE:0cxx_alias_templates
    Feature record: CXX_FEATURE:0cxx_alignas
    Feature record: CXX_FEATURE:0cxx_alignof
    Feature record: CXX_FEATURE:0cxx_attributes
    Feature record: CXX_FEATURE:0cxx_attribute_deprecated
    Feature record: CXX_FEATURE:0cxx_auto_type
    Feature record: CXX_FEATURE:0cxx_binary_literals
    Feature record: CXX_FEATURE:0cxx_constexpr
    Feature record: CXX_FEATURE:0cxx_contextual_conversions
    Feature record: CXX_FEATURE:0cxx_decltype
    Feature record: CXX_FEATURE:0cxx_decltype_auto
    Feature record: CXX_FEATURE:0cxx_decltype_incomplete_return_types
    Feature record: CXX_FEATURE:0cxx_default_function_template_args
    Feature record: CXX_FEATURE:0cxx_defaulted_functions
    Feature record: CXX_FEATURE:0cxx_defaulted_move_initializers
    Feature record: CXX_FEATURE:0cxx_delegating_constructors
    Feature record: CXX_FEATURE:0cxx_deleted_functions
    Feature record: CXX_FEATURE:0cxx_digit_separators
    Feature record: CXX_FEATURE:0cxx_enum_forward_declarations
    Feature record: CXX_FEATURE:0cxx_explicit_conversions
    Feature record: CXX_FEATURE:0cxx_extended_friend_declarations
    Feature record: CXX_FEATURE:0cxx_extern_templates
    Feature record: CXX_FEATURE:0cxx_final
    Feature record: CXX_FEATURE:0cxx_func_identifier
    Feature record: CXX_FEATURE:0cxx_generalized_initializers
    Feature record: CXX_FEATURE:0cxx_generic_lambdas
    Feature record: CXX_FEATURE:0cxx_inheriting_constructors
    Feature record: CXX_FEATURE:0cxx_inline_namespaces
    Feature record: CXX_FEATURE:0cxx_lambdas
    Feature record: CXX_FEATURE:0cxx_lambda_init_captures
    Feature record: CXX_FEATURE:0cxx_local_type_template_args
    Feature record: CXX_FEATURE:0cxx_long_long_type
    Feature record: CXX_FEATURE:0cxx_noexcept
    Feature record: CXX_FEATURE:0cxx_nonstatic_member_init
    Feature record: CXX_FEATURE:0cxx_nullptr
    Feature record: CXX_FEATURE:0cxx_override
    Feature record: CXX_FEATURE:0cxx_range_for
    Feature record: CXX_FEATURE:0cxx_raw_string_literals
    Feature record: CXX_FEATURE:0cxx_reference_qualified_functions
    Feature record: CXX_FEATURE:0cxx_relaxed_constexpr
    Feature record: CXX_FEATURE:0cxx_return_type_deduction
    Feature record: CXX_FEATURE:0cxx_right_angle_brackets
    Feature record: CXX_FEATURE:0cxx_rvalue_references
    Feature record: CXX_FEATURE:0cxx_sizeof_member
    Feature record: CXX_FEATURE:0cxx_static_assert
    Feature record: CXX_FEATURE:0cxx_strong_enums
    Feature record: CXX_FEATURE:1cxx_template_template_parameters
    Feature record: CXX_FEATURE:0cxx_thread_local
    Feature record: CXX_FEATURE:0cxx_trailing_return_types
    Feature record: CXX_FEATURE:0cxx_unicode_literals
    Feature record: CXX_FEATURE:0cxx_uniform_initialization
    Feature record: CXX_FEATURE:0cxx_unrestricted_unions
    Feature record: CXX_FEATURE:0cxx_user_literals
    Feature record: CXX_FEATURE:0cxx_variable_templates
    Feature record: CXX_FEATURE:0cxx_variadic_macros
    Feature record: CXX_FEATURE:0cxx_variadic_templates
Determining if the C compiler works passed with the following output:
Change Dir: /home/pi/opencv-3.4.0/build/CMakeFiles/CMakeTmp

Run Build Command:"/usr/bin/make" "cmTC_3654a/fast"
/usr/bin/make -f CMakeFiles/cmTC_3654a.dir/build.make CMakeFiles/cmTC_3654a.dir/build
make[1]: Entering directory '/home/pi/opencv-3.4.0/build/CMakeFiles/CMakeTmp'
Building C object CMakeFiles/cmTC_3654a.dir/testCCompiler.c.o
/usr/bin/cc    -fPIE   -o CMakeFiles/cmTC_3654a.dir/testCCompiler.c.o   -c /home/pi/opencv-3.4.0/build/CMakeFiles/CMakeTmp/testCCompiler.c
Linking C executable cmTC_3654a
/usr/bin/cmake -E cmake_link_script CMakeFiles/cmTC_3654a.dir/link.txt --verbose=1
/usr/bin/cc       CMakeFiles/cmTC_3654a.dir/testCCompiler.c.o  -o cmTC_3654a -rdynamic 
make[1]: Leaving directory '/home/pi/opencv-3.4.0/build/CMakeFiles/CMakeTmp'


Detecting C compiler ABI info compiled with the following output:
Change Dir: /home/pi/opencv-3.4.0/build/CMakeFiles/CMakeTmp

Run Build Command:"/usr/bin/make" "cmTC_701e7/fast"
/usr/bin/make -f CMakeFiles/cmTC_701e7.dir/build.make CMakeFiles/cmTC_701e7.dir/build
make[1]: Entering directory '/home/pi/opencv-3.4.0/build/CMakeFiles/CMakeTmp'
Building C object CMakeFiles/cmTC_701e7.dir/CMakeCCompilerABI.c.o
/usr/bin/cc    -fPIE   -o CMakeFiles/cmTC_701e7.dir/CMakeCCompilerABI.c.o   -c /usr/share/cmake-3.7/Modules/CMakeCCompilerABI.c
Linking C executable cmTC_701e7
/usr/bin/cmake -E cmake_link_script CMakeFiles/cmTC_701e7.dir/link.txt --verbose=1
/usr/bin/cc      -v CMakeFiles/cmTC_701e7.dir/CMakeCCompilerABI.c.o  -o cmTC_701e7 -rdynamic  
Using built-in specs.
COLLECT_GCC=/usr/bin/cc
COLLECT_LTO_WRAPPER=/usr/lib/gcc/arm-linux-gnueabihf/6/lto-wrapper
Target: arm-linux-gnueabihf
Configured with: ../src/configure -v --with-pkgversion='Raspbian 6.3.0-18+rpi1+deb9u1' --with-bugurl=file:///usr/share/doc/gcc-6/README.Bugs --enable-languages=c,ada,c++,java,go,d,fortran,objc,obj-c++ --prefix=/usr --program-suffix=-6 --program-prefix=arm-linux-gnueabihf- --enable-shared --enable-linker-build-id --libexecdir=/usr/lib --without-included-gettext --enable-threads=posix --libdir=/usr/lib --enable-nls --with-sysroot=/ --enable-clocale=gnu --enable-libstdcxx-debug --enable-libstdcxx-time=yes --with-default-libstdcxx-abi=new --enable-gnu-unique-object --disable-libitm --disable-libquadmath --enable-plugin --with-system-zlib --disable-browser-plugin --enable-java-awt=gtk --enable-gtk-cairo --with-java-home=/usr/lib/jvm/java-1.5.0-gcj-6-armhf/jre --enable-java-home --with-jvm-root-dir=/usr/lib/jvm/java-1.5.0-gcj-6-armhf --with-jvm-jar-dir=/usr/lib/jvm-exports/java-1.5.0-gcj-6-armhf --with-arch-directory=arm --with-ecj-jar=/usr/share/java/eclipse-ecj.jar --with-target-system-zlib --enable-objc-gc=auto --enable-multiarch --disable-sjlj-exceptions --with-arch=armv6 --with-fpu=vfp --with-float=hard --enable-checking=release --build=arm-linux-gnueabihf --host=arm-linux-gnueabihf --target=arm-linux-gnueabihf
Thread model: posix
gcc version 6.3.0 20170516 (Raspbian 6.3.0-18+rpi1+deb9u1) 
COMPILER_PATH=/usr/lib/gcc/arm-linux-gnueabihf/6/:/usr/lib/gcc/arm-linux-gnueabihf/6/:/usr/lib/gcc/arm-linux-gnueabihf/:/usr/lib/gcc/arm-linux-gnueabihf/6/:/usr/lib/gcc/arm-linux-gnueabihf/
LIBRARY_PATH=/usr/lib/gcc/arm-linux-gnueabihf/6/:/usr/lib/gcc/arm-linux-gnueabihf/6/../../../arm-linux-gnueabihf/:/usr/lib/gcc/arm-linux-gnueabihf/6/../../../:/lib/arm-linux-gnueabihf/:/lib/:/usr/lib/arm-linux-gnueabihf/:/usr/lib/
COLLECT_GCC_OPTIONS='-v' '-o' 'cmTC_701e7' '-rdynamic' '-march=armv6' '-mfloat-abi=hard' '-mfpu=vfp' '-mtls-dialect=gnu'
 /usr/lib/gcc/arm-linux-gnueabihf/6/collect2 -plugin /usr/lib/gcc/arm-linux-gnueabihf/6/liblto_plugin.so -plugin-opt=/usr/lib/gcc/arm-linux-gnueabihf/6/lto-wrapper -plugin-opt=-fresolution=/tmp/ccsA3VcW.res -plugin-opt=-pass-through=-lgcc -plugin-opt=-pass-through=-lgcc_s -plugin-opt=-pass-through=-lc -plugin-opt=-pass-through=-lgcc -plugin-opt=-pass-through=-lgcc_s --sysroot=/ --build-id --eh-frame-hdr -export-dynamic -dynamic-linker /lib/ld-linux-armhf.so.3 -X --hash-style=gnu -m armelf_linux_eabi -o cmTC_701e7 /usr/lib/gcc/arm-linux-gnueabihf/6/../../../arm-linux-gnueabihf/crt1.o /usr/lib/gcc/arm-linux-gnueabihf/6/../../../arm-linux-gnueabihf/crti.o /usr/lib/gcc/arm-linux-gnueabihf/6/crtbegin.o -L/usr/lib/gcc/arm-linux-gnueabihf/6 -L/usr/lib/gcc/arm-linux-gnueabihf/6/../../../arm-linux-gnueabihf -L/usr/lib/gcc/arm-linux-gnueabihf/6/../../.. -L/lib/arm-linux-gnueabihf -L/usr/lib/arm-linux-gnueabihf CMakeFiles/cmTC_701e7.dir/CMakeCCompilerABI.c.o -lgcc --as-needed -lgcc_s --no-as-needed -lc -lgcc --as-needed -lgcc_s --no-as-needed /usr/lib/gcc/arm-linux-gnueabihf/6/crtend.o /usr/lib/gcc/arm-linux-gnueabihf/6/../../../arm-linux-gnueabihf/crtn.o
COLLECT_GCC_OPTIONS='-v' '-o' 'cmTC_701e7' '-rdynamic' '-march=armv6' '-mfloat-abi=hard' '-mfpu=vfp' '-mtls-dialect=gnu'
make[1]: Leaving directory '/home/pi/opencv-3.4.0/build/CMakeFiles/CMakeTmp'


Parsed C implicit link information from above output:
  link line regex: [^( *|.*[/\])(ld|([^/\]+-)?ld|collect2)[^/\]*( |$)]
  ignore line: [Change Dir: /home/pi/opencv-3.4.0/build/CMakeFiles/CMakeTmp]
  ignore line: []
  ignore line: [Run Build Command:"/usr/bin/make" "cmTC_701e7/fast"]
  ignore line: [/usr/bin/make -f CMakeFiles/cmTC_701e7.dir/build.make CMakeFiles/cmTC_701e7.dir/build]
  ignore line: [make[1]: Entering directory '/home/pi/opencv-3.4.0/build/CMakeFiles/CMakeTmp']
  ignore line: [Building C object CMakeFiles/cmTC_701e7.dir/CMakeCCompilerABI.c.o]
  ignore line: [/usr/bin/cc    -fPIE   -o CMakeFiles/cmTC_701e7.dir/CMakeCCompilerABI.c.o   -c /usr/share/cmake-3.7/Modules/CMakeCCompilerABI.c]
  ignore line: [Linking C executable cmTC_701e7]
  ignore line: [/usr/bin/cmake -E cmake_link_script CMakeFiles/cmTC_701e7.dir/link.txt --verbose=1]
  ignore line: [/usr/bin/cc      -v CMakeFiles/cmTC_701e7.dir/CMakeCCompilerABI.c.o  -o cmTC_701e7 -rdynamic  ]
  ignore line: [Using built-in specs.]
  ignore line: [COLLECT_GCC=/usr/bin/cc]
  ignore line: [COLLECT_LTO_WRAPPER=/usr/lib/gcc/arm-linux-gnueabihf/6/lto-wrapper]
  ignore line: [Target: arm-linux-gnueabihf]
  ignore line: [Configured with: ../src/configure -v --with-pkgversion='Raspbian 6.3.0-18+rpi1+deb9u1' --with-bugurl=file:///usr/share/doc/gcc-6/README.Bugs --enable-languages=c,ada,c++,java,go,d,fortran,objc,obj-c++ --prefix=/usr --program-suffix=-6 --program-prefix=arm-linux-gnueabihf- --enable-shared --enable-linker-build-id --libexecdir=/usr/lib --without-included-gettext --enable-threads=posix --libdir=/usr/lib --enable-nls --with-sysroot=/ --enable-clocale=gnu --enable-libstdcxx-debug --enable-libstdcxx-time=yes --with-default-libstdcxx-abi=new --enable-gnu-unique-object --disable-libitm --disable-libquadmath --enable-plugin --with-system-zlib --disable-browser-plugin --enable-java-awt=gtk --enable-gtk-cairo --with-java-home=/usr/lib/jvm/java-1.5.0-gcj-6-armhf/jre --enable-java-home --with-jvm-root-dir=/usr/lib/jvm/java-1.5.0-gcj-6-armhf --with-jvm-jar-dir=/usr/lib/jvm-exports/java-1.5.0-gcj-6-armhf --with-arch-directory=arm --with-ecj-jar=/usr/share/java/eclipse-ecj.jar --with-target-system-zlib --enable-objc-gc=auto --enable-multiarch --disable-sjlj-exceptions --with-arch=armv6 --with-fpu=vfp --with-float=hard --enable-checking=release --build=arm-linux-gnueabihf --host=arm-linux-gnueabihf --target=arm-linux-gnueabihf]
  ignore line: [Thread model: posix]
  ignore line: [gcc version 6.3.0 20170516 (Raspbian 6.3.0-18+rpi1+deb9u1) ]
  ignore line: [COMPILER_PATH=/usr/lib/gcc/arm-linux-gnueabihf/6/:/usr/lib/gcc/arm-linux-gnueabihf/6/:/usr/lib/gcc/arm-linux-gnueabihf/:/usr/lib/gcc/arm-linux-gnueabihf/6/:/usr/lib/gcc/arm-linux-gnueabihf/]
  ignore line: [LIBRARY_PATH=/usr/lib/gcc/arm-linux-gnueabihf/6/:/usr/lib/gcc/arm-linux-gnueabihf/6/../../../arm-linux-gnueabihf/:/usr/lib/gcc/arm-linux-gnueabihf/6/../../../:/lib/arm-linux-gnueabihf/:/lib/:/usr/lib/arm-linux-gnueabihf/:/usr/lib/]
  ignore line: [COLLECT_GCC_OPTIONS='-v' '-o' 'cmTC_701e7' '-rdynamic' '-march=armv6' '-mfloat-abi=hard' '-mfpu=vfp' '-mtls-dialect=gnu']
  link line: [ /usr/lib/gcc/arm-linux-gnueabihf/6/collect2 -plugin /usr/lib/gcc/arm-linux-gnueabihf/6/liblto_plugin.so -plugin-opt=/usr/lib/gcc/arm-linux-gnueabihf/6/lto-wrapper -plugin-opt=-fresolution=/tmp/ccsA3VcW.res -plugin-opt=-pass-through=-lgcc -plugin-opt=-pass-through=-lgcc_s -plugin-opt=-pass-through=-lc -plugin-opt=-pass-through=-lgcc -plugin-opt=-pass-through=-lgcc_s --sysroot=/ --build-id --eh-frame-hdr -export-dynamic -dynamic-linker /lib/ld-linux-armhf.so.3 -X --hash-style=gnu -m armelf_linux_eabi -o cmTC_701e7 /usr/lib/gcc/arm-linux-gnueabihf/6/../../../arm-linux-gnueabihf/crt1.o /usr/lib/gcc/arm-linux-gnueabihf/6/../../../arm-linux-gnueabihf/crti.o /usr/lib/gcc/arm-linux-gnueabihf/6/crtbegin.o -L/usr/lib/gcc/arm-linux-gnueabihf/6 -L/usr/lib/gcc/arm-linux-gnueabihf/6/../../../arm-linux-gnueabihf -L/usr/lib/gcc/arm-linux-gnueabihf/6/../../.. -L/lib/arm-linux-gnueabihf -L/usr/lib/arm-linux-gnueabihf CMakeFiles/cmTC_701e7.dir/CMakeCCompilerABI.c.o -lgcc --as-needed -lgcc_s --no-as-needed -lc -lgcc --as-needed -lgcc_s --no-as-needed /usr/lib/gcc/arm-linux-gnueabihf/6/crtend.o /usr/lib/gcc/arm-linux-gnueabihf/6/../../../arm-linux-gnueabihf/crtn.o]
    arg [/usr/lib/gcc/arm-linux-gnueabihf/6/collect2] ==> ignore
    arg [-plugin] ==> ignore
    arg [/usr/lib/gcc/arm-linux-gnueabihf/6/liblto_plugin.so] ==> ignore
    arg [-plugin-opt=/usr/lib/gcc/arm-linux-gnueabihf/6/lto-wrapper] ==> ignore
    arg [-plugin-opt=-fresolution=/tmp/ccsA3VcW.res] ==> ignore
    arg [-plugin-opt=-pass-through=-lgcc] ==> ignore
    arg [-plugin-opt=-pass-through=-lgcc_s] ==> ignore
    arg [-plugin-opt=-pass-through=-lc] ==> ignore
    arg [-plugin-opt=-pass-through=-lgcc] ==> ignore
    arg [-plugin-opt=-pass-through=-lgcc_s] ==> ignore
    arg [--sysroot=/] ==> ignore
    arg [--build-id] ==> ignore
    arg [--eh-frame-hdr] ==> ignore
    arg [-export-dynamic] ==> ignore
    arg [-dynamic-linker] ==> ignore
    arg [/lib/ld-linux-armhf.so.3] ==> ignore
    arg [-X] ==> ignore
    arg [--hash-style=gnu] ==> ignore
    arg [-m] ==> ignore
    arg [armelf_linux_eabi] ==> ignore
    arg [-o] ==> ignore
    arg [cmTC_701e7] ==> ignore
    arg [/usr/lib/gcc/arm-linux-gnueabihf/6/../../../arm-linux-gnueabihf/crt1.o] ==> ignore
    arg [/usr/lib/gcc/arm-linux-gnueabihf/6/../../../arm-linux-gnueabihf/crti.o] ==> ignore
    arg [/usr/lib/gcc/arm-linux-gnueabihf/6/crtbegin.o] ==> ignore
    arg [-L/usr/lib/gcc/arm-linux-gnueabihf/6] ==> dir [/usr/lib/gcc/arm-linux-gnueabihf/6]
    arg [-L/usr/lib/gcc/arm-linux-gnueabihf/6/../../../arm-linux-gnueabihf] ==> dir [/usr/lib/gcc/arm-linux-gnueabihf/6/../../../arm-linux-gnueabihf]
    arg [-L/usr/lib/gcc/arm-linux-gnueabihf/6/../../..] ==> dir [/usr/lib/gcc/arm-linux-gnueabihf/6/../../..]
    arg [-L/lib/arm-linux-gnueabihf] ==> dir [/lib/arm-linux-gnueabihf]
    arg [-L/usr/lib/arm-linux-gnueabihf] ==> dir [/usr/lib/arm-linux-gnueabihf]
    arg [CMakeFiles/cmTC_701e7.dir/CMakeCCompilerABI.c.o] ==> ignore
    arg [-lgcc] ==> lib [gcc]
    arg [--as-needed] ==> ignore
    arg [-lgcc_s] ==> lib [gcc_s]
    arg [--no-as-needed] ==> ignore
    arg [-lc] ==> lib [c]
    arg [-lgcc] ==> lib [gcc]
    arg [--as-needed] ==> ignore
    arg [-lgcc_s] ==> lib [gcc_s]
    arg [--no-as-needed] ==> ignore
    arg [/usr/lib/gcc/arm-linux-gnueabihf/6/crtend.o] ==> ignore
    arg [/usr/lib/gcc/arm-linux-gnueabihf/6/../../../arm-linux-gnueabihf/crtn.o] ==> ignore
  remove lib [gcc]
  remove lib [gcc_s]
  remove lib [gcc]
  remove lib [gcc_s]
  collapse library dir [/usr/lib/gcc/arm-linux-gnueabihf/6] ==> [/usr/lib/gcc/arm-linux-gnueabihf/6]
  collapse library dir [/usr/lib/gcc/arm-linux-gnueabihf/6/../../../arm-linux-gnueabihf] ==> [/usr/lib/arm-linux-gnueabihf]
  collapse library dir [/usr/lib/gcc/arm-linux-gnueabihf/6/../../..] ==> [/usr/lib]
  collapse library dir [/lib/arm-linux-gnueabihf] ==> [/lib/arm-linux-gnueabihf]
  collapse library dir [/usr/lib/arm-linux-gnueabihf] ==> [/usr/lib/arm-linux-gnueabihf]
  implicit libs: [c]
  implicit dirs: [/usr/lib/gcc/arm-linux-gnueabihf/6;/usr/lib/arm-linux-gnueabihf;/usr/lib;/lib/arm-linux-gnueabihf]
  implicit fwks: []




Detecting C [-std=c11] compiler features compiled with the following output:
Change Dir: /home/pi/opencv-3.4.0/build/CMakeFiles/CMakeTmp

Run Build Command:"/usr/bin/make" "cmTC_b502b/fast"
/usr/bin/make -f CMakeFiles/cmTC_b502b.dir/build.make CMakeFiles/cmTC_b502b.dir/build
make[1]: Entering directory '/home/pi/opencv-3.4.0/build/CMakeFiles/CMakeTmp'
Building C object CMakeFiles/cmTC_b502b.dir/feature_tests.c.o
/usr/bin/cc    -fPIE   -std=c11 -o CMakeFiles/cmTC_b502b.dir/feature_tests.c.o   -c /home/pi/opencv-3.4.0/build/CMakeFiles/feature_tests.c
Linking C executable cmTC_b502b
/usr/bin/cmake -E cmake_link_script CMakeFiles/cmTC_b502b.dir/link.txt --verbose=1
/usr/bin/cc       CMakeFiles/cmTC_b502b.dir/feature_tests.c.o  -o cmTC_b502b -rdynamic 
make[1]: Leaving directory '/home/pi/opencv-3.4.0/build/CMakeFiles/CMakeTmp'


    Feature record: C_FEATURE:1c_function_prototypes
    Feature record: C_FEATURE:1c_restrict
    Feature record: C_FEATURE:1c_static_assert
    Feature record: C_FEATURE:1c_variadic_macros


Detecting C [-std=c99] compiler features compiled with the following output:
Change Dir: /home/pi/opencv-3.4.0/build/CMakeFiles/CMakeTmp

Run Build Command:"/usr/bin/make" "cmTC_cb4e6/fast"
/usr/bin/make -f CMakeFiles/cmTC_cb4e6.dir/build.make CMakeFiles/cmTC_cb4e6.dir/build
make[1]: Entering directory '/home/pi/opencv-3.4.0/build/CMakeFiles/CMakeTmp'
Building C object CMakeFiles/cmTC_cb4e6.dir/feature_tests.c.o
/usr/bin/cc    -fPIE   -std=c99 -o CMakeFiles/cmTC_cb4e6.dir/feature_tests.c.o   -c /home/pi/opencv-3.4.0/build/CMakeFiles/feature_tests.c
Linking C executable cmTC_cb4e6
/usr/bin/cmake -E cmake_link_script CMakeFiles/cmTC_cb4e6.dir/link.txt --verbose=1
/usr/bin/cc       CMakeFiles/cmTC_cb4e6.dir/feature_tests.c.o  -o cmTC_cb4e6 -rdynamic 
make[1]: Leaving directory '/home/pi/opencv-3.4.0/build/CMakeFiles/CMakeTmp'


    Feature record: C_FEATURE:1c_function_prototypes
    Feature record: C_FEATURE:1c_restrict
    Feature record: C_FEATURE:0c_static_assert
    Feature record: C_FEATURE:1c_variadic_macros


Detecting C [-std=c90] compiler features compiled with the following output:
Change Dir: /home/pi/opencv-3.4.0/build/CMakeFiles/CMakeTmp

Run Build Command:"/usr/bin/make" "cmTC_06c71/fast"
/usr/bin/make -f CMakeFiles/cmTC_06c71.dir/build.make CMakeFiles/cmTC_06c71.dir/build
make[1]: Entering directory '/home/pi/opencv-3.4.0/build/CMakeFiles/CMakeTmp'
Building C object CMakeFiles/cmTC_06c71.dir/feature_tests.c.o
/usr/bin/cc    -fPIE   -std=c90 -o CMakeFiles/cmTC_06c71.dir/feature_tests.c.o   -c /home/pi/opencv-3.4.0/build/CMakeFiles/feature_tests.c
Linking C executable cmTC_06c71
/usr/bin/cmake -E cmake_link_script CMakeFiles/cmTC_06c71.dir/link.txt --verbose=1
/usr/bin/cc       CMakeFiles/cmTC_06c71.dir/feature_tests.c.o  -o cmTC_06c71 -rdynamic 
make[1]: Leaving directory '/home/pi/opencv-3.4.0/build/CMakeFiles/CMakeTmp'


    Feature record: C_FEATURE:1c_function_prototypes
    Feature record: C_FEATURE:0c_restrict
    Feature record: C_FEATURE:0c_static_assert
    Feature record: C_FEATURE:0c_variadic_macros
Determining if the include file pthread.h exists passed with the following output:
Change Dir: /home/pi/opencv-3.4.0/build/CMakeFiles/CMakeTmp

Run Build Command:"/usr/bin/make" "cmTC_22255/fast"
/usr/bin/make -f CMakeFiles/cmTC_22255.dir/build.make CMakeFiles/cmTC_22255.dir/build
make[1]: Entering directory '/home/pi/opencv-3.4.0/build/CMakeFiles/CMakeTmp'
Building C object CMakeFiles/cmTC_22255.dir/CheckIncludeFile.c.o
/usr/bin/cc    -fsigned-char -W -Wall -Werror=return-type -Werror=non-virtual-dtor -Werror=address -Werror=sequence-point -Wformat -Werror=format-security -Wmissing-declarations -Wmissing-prototypes -Wstrict-prototypes -Wundef -Winit-self -Wpointer-arith -Wshadow -Wuninitialized -Winit-self -Wno-narrowing -Wno-comment -fdiagnostics-show-option -pthread -fomit-frame-pointer -ffunction-sections -fdata-sections  -mfp16-format=ieee -fvisibility=hidden  -O3 -DNDEBUG -fPIE   -o CMakeFiles/cmTC_22255.dir/CheckIncludeFile.c.o   -c /home/pi/opencv-3.4.0/build/CMakeFiles/CMakeTmp/CheckIncludeFile.c
Linking C executable cmTC_22255
/usr/bin/cmake -E cmake_link_script CMakeFiles/cmTC_22255.dir/link.txt --verbose=1
/usr/bin/cc     -fsigned-char -W -Wall -Werror=return-type -Werror=non-virtual-dtor -Werror=address -Werror=sequence-point -Wformat -Werror=format-security -Wmissing-declarations -Wmissing-prototypes -Wstrict-prototypes -Wundef -Winit-self -Wpointer-arith -Wshadow -Wuninitialized -Winit-self -Wno-narrowing -Wno-comment -fdiagnostics-show-option -pthread -fomit-frame-pointer -ffunction-sections -fdata-sections  -mfp16-format=ieee -fvisibility=hidden  -O3 -DNDEBUG    -Wl,--gc-sections  CMakeFiles/cmTC_22255.dir/CheckIncludeFile.c.o  -o cmTC_22255 -rdynamic 
make[1]: Leaving directory '/home/pi/opencv-3.4.0/build/CMakeFiles/CMakeTmp'


Determining if the posix_memalign exist passed with the following output:
Change Dir: /home/pi/opencv-3.4.0/build/CMakeFiles/CMakeTmp

Run Build Command:"/usr/bin/make" "cmTC_0f4a6/fast"
/usr/bin/make -f CMakeFiles/cmTC_0f4a6.dir/build.make CMakeFiles/cmTC_0f4a6.dir/build
make[1]: Entering directory '/home/pi/opencv-3.4.0/build/CMakeFiles/CMakeTmp'
Building C object CMakeFiles/cmTC_0f4a6.dir/CheckSymbolExists.c.o
/usr/bin/cc    -fsigned-char -W -Wall -Werror=return-type -Werror=non-virtual-dtor -Werror=address -Werror=sequence-point -Wformat -Werror=format-security -Wmissing-declarations -Wmissing-prototypes -Wstrict-prototypes -Wundef -Winit-self -Wpointer-arith -Wshadow -Wuninitialized -Winit-self -Wno-narrowing -Wno-comment -fdiagnostics-show-option -pthread -fomit-frame-pointer -ffunction-sections -fdata-sections  -mfp16-format=ieee -fvisibility=hidden  -O3 -DNDEBUG -fPIE   -o CMakeFiles/cmTC_0f4a6.dir/CheckSymbolExists.c.o   -c /home/pi/opencv-3.4.0/build/CMakeFiles/CMakeTmp/CheckSymbolExists.c
Linking C executable cmTC_0f4a6
/usr/bin/cmake -E cmake_link_script CMakeFiles/cmTC_0f4a6.dir/link.txt --verbose=1
/usr/bin/cc     -fsigned-char -W -Wall -Werror=return-type -Werror=non-virtual-dtor -Werror=address -Werror=sequence-point -Wformat -Werror=format-security -Wmissing-declarations -Wmissing-prototypes -Wstrict-prototypes -Wundef -Winit-self -Wpointer-arith -Wshadow -Wuninitialized -Winit-self -Wno-narrowing -Wno-comment -fdiagnostics-show-option -pthread -fomit-frame-pointer -ffunction-sections -fdata-sections  -mfp16-format=ieee -fvisibility=hidden  -O3 -DNDEBUG    -Wl,--gc-sections  CMakeFiles/cmTC_0f4a6.dir/CheckSymbolExists.c.o  -o cmTC_0f4a6 -rdynamic 
make[1]: Leaving directory '/home/pi/opencv-3.4.0/build/CMakeFiles/CMakeTmp'

File /home/pi/opencv-3.4.0/build/CMakeFiles/CMakeTmp/CheckSymbolExists.c:
/* */
#include <stdlib.h>

int main(int argc, char** argv)
{
  (void)argv;
#ifndef posix_memalign
  return ((int*)(&posix_memalign))[argc];
#else
  (void)argc;
  return 0;
#endif
}

Determining if the include file malloc.h exists passed with the following output:
Change Dir: /home/pi/opencv-3.4.0/build/CMakeFiles/CMakeTmp

Run Build Command:"/usr/bin/make" "cmTC_f0cb8/fast"
/usr/bin/make -f CMakeFiles/cmTC_f0cb8.dir/build.make CMakeFiles/cmTC_f0cb8.dir/build
make[1]: Entering directory '/home/pi/opencv-3.4.0/build/CMakeFiles/CMakeTmp'
Building C object CMakeFiles/cmTC_f0cb8.dir/CheckIncludeFile.c.o
/usr/bin/cc    -fsigned-char -W -Wall -Werror=return-type -Werror=non-virtual-dtor -Werror=address -Werror=sequence-point -Wformat -Werror=format-security -Wmissing-declarations -Wmissing-prototypes -Wstrict-prototypes -Wundef -Winit-self -Wpointer-arith -Wshadow -Wuninitialized -Winit-self -Wno-narrowing -Wno-comment -fdiagnostics-show-option -pthread -fomit-frame-pointer -ffunction-sections -fdata-sections  -mfp16-format=ieee -fvisibility=hidden  -O3 -DNDEBUG -fPIE   -o CMakeFiles/cmTC_f0cb8.dir/CheckIncludeFile.c.o   -c /home/pi/opencv-3.4.0/build/CMakeFiles/CMakeTmp/CheckIncludeFile.c
Linking C executable cmTC_f0cb8
/usr/bin/cmake -E cmake_link_script CMakeFiles/cmTC_f0cb8.dir/link.txt --verbose=1
/usr/bin/cc     -fsigned-char -W -Wall -Werror=return-type -Werror=non-virtual-dtor -Werror=address -Werror=sequence-point -Wformat -Werror=format-security -Wmissing-declarations -Wmissing-prototypes -Wstrict-prototypes -Wundef -Winit-self -Wpointer-arith -Wshadow -Wuninitialized -Winit-self -Wno-narrowing -Wno-comment -fdiagnostics-show-option -pthread -fomit-frame-pointer -ffunction-sections -fdata-sections  -mfp16-format=ieee -fvisibility=hidden  -O3 -DNDEBUG    -Wl,--gc-sections  CMakeFiles/cmTC_f0cb8.dir/CheckIncludeFile.c.o  -o cmTC_f0cb8 -rdynamic 
make[1]: Leaving directory '/home/pi/opencv-3.4.0/build/CMakeFiles/CMakeTmp'


Determining if the memalign exist passed with the following output:
Change Dir: /home/pi/opencv-3.4.0/build/CMakeFiles/CMakeTmp

Run Build Command:"/usr/bin/make" "cmTC_b9c48/fast"
/usr/bin/make -f CMakeFiles/cmTC_b9c48.dir/build.make CMakeFiles/cmTC_b9c48.dir/build
make[1]: Entering directory '/home/pi/opencv-3.4.0/build/CMakeFiles/CMakeTmp'
Building C object CMakeFiles/cmTC_b9c48.dir/CheckSymbolExists.c.o
/usr/bin/cc    -fsigned-char -W -Wall -Werror=return-type -Werror=non-virtual-dtor -Werror=address -Werror=sequence-point -Wformat -Werror=format-security -Wmissing-declarations -Wmissing-prototypes -Wstrict-prototypes -Wundef -Winit-self -Wpointer-arith -Wshadow -Wuninitialized -Winit-self -Wno-narrowing -Wno-comment -fdiagnostics-show-option -pthread -fomit-frame-pointer -ffunction-sections -fdata-sections  -mfp16-format=ieee -fvisibility=hidden  -O3 -DNDEBUG -fPIE   -o CMakeFiles/cmTC_b9c48.dir/CheckSymbolExists.c.o   -c /home/pi/opencv-3.4.0/build/CMakeFiles/CMakeTmp/CheckSymbolExists.c
Linking C executable cmTC_b9c48
/usr/bin/cmake -E cmake_link_script CMakeFiles/cmTC_b9c48.dir/link.txt --verbose=1
/usr/bin/cc     -fsigned-char -W -Wall -Werror=return-type -Werror=non-virtual-dtor -Werror=address -Werror=sequence-point -Wformat -Werror=format-security -Wmissing-declarations -Wmissing-prototypes -Wstrict-prototypes -Wundef -Winit-self -Wpointer-arith -Wshadow -Wuninitialized -Winit-self -Wno-narrowing -Wno-comment -fdiagnostics-show-option -pthread -fomit-frame-pointer -ffunction-sections -fdata-sections  -mfp16-format=ieee -fvisibility=hidden  -O3 -DNDEBUG    -Wl,--gc-sections  CMakeFiles/cmTC_b9c48.dir/CheckSymbolExists.c.o  -o cmTC_b9c48 -rdynamic 
make[1]: Leaving directory '/home/pi/opencv-3.4.0/build/CMakeFiles/CMakeTmp'

File /home/pi/opencv-3.4.0/build/CMakeFiles/CMakeTmp/CheckSymbolExists.c:
/* */
#include <malloc.h>

int main(int argc, char** argv)
{
  (void)argv;
#ifndef memalign
  return ((int*)(&memalign))[argc];
#else
  (void)argc;
  return 0;
#endif
}

Determining if the include file sys/types.h exists passed with the following output:
Change Dir: /home/pi/opencv-3.4.0/build/CMakeFiles/CMakeTmp

Run Build Command:"/usr/bin/make" "cmTC_0e6ba/fast"
/usr/bin/make -f CMakeFiles/cmTC_0e6ba.dir/build.make CMakeFiles/cmTC_0e6ba.dir/build
make[1]: Entering directory '/home/pi/opencv-3.4.0/build/CMakeFiles/CMakeTmp'
Building C object CMakeFiles/cmTC_0e6ba.dir/CheckIncludeFile.c.o
/usr/bin/cc    -fsigned-char -W -Wall -Werror=return-type -Werror=non-virtual-dtor -Werror=address -Werror=sequence-point -Wformat -Werror=format-security -Wmissing-declarations -Wmissing-prototypes -Wstrict-prototypes -Wundef -Winit-self -Wpointer-arith -Wshadow -Wuninitialized -Winit-self -Wno-narrowing -Wno-comment -fdiagnostics-show-option -pthread -fomit-frame-pointer -ffunction-sections -fdata-sections  -mfp16-format=ieee -fvisibility=hidden  -O3 -DNDEBUG -fPIE   -o CMakeFiles/cmTC_0e6ba.dir/CheckIncludeFile.c.o   -c /home/pi/opencv-3.4.0/build/CMakeFiles/CMakeTmp/CheckIncludeFile.c
Linking C executable cmTC_0e6ba
/usr/bin/cmake -E cmake_link_script CMakeFiles/cmTC_0e6ba.dir/link.txt --verbose=1
/usr/bin/cc     -fsigned-char -W -Wall -Werror=return-type -Werror=non-virtual-dtor -Werror=address -Werror=sequence-point -Wformat -Werror=format-security -Wmissing-declarations -Wmissing-prototypes -Wstrict-prototypes -Wundef -Winit-self -Wpointer-arith -Wshadow -Wuninitialized -Winit-self -Wno-narrowing -Wno-comment -fdiagnostics-show-option -pthread -fomit-frame-pointer -ffunction-sections -fdata-sections  -mfp16-format=ieee -fvisibility=hidden  -O3 -DNDEBUG    -Wl,--gc-sections  CMakeFiles/cmTC_0e6ba.dir/CheckIncludeFile.c.o  -o cmTC_0e6ba -rdynamic 
make[1]: Leaving directory '/home/pi/opencv-3.4.0/build/CMakeFiles/CMakeTmp'


Determining if the include file stdint.h exists passed with the following output:
Change Dir: /home/pi/opencv-3.4.0/build/CMakeFiles/CMakeTmp

Run Build Command:"/usr/bin/make" "cmTC_3c3b4/fast"
/usr/bin/make -f CMakeFiles/cmTC_3c3b4.dir/build.make CMakeFiles/cmTC_3c3b4.dir/build
make[1]: Entering directory '/home/pi/opencv-3.4.0/build/CMakeFiles/CMakeTmp'
Building C object CMakeFiles/cmTC_3c3b4.dir/CheckIncludeFile.c.o
/usr/bin/cc    -fsigned-char -W -Wall -Werror=return-type -Werror=non-virtual-dtor -Werror=address -Werror=sequence-point -Wformat -Werror=format-security -Wmissing-declarations -Wmissing-prototypes -Wstrict-prototypes -Wundef -Winit-self -Wpointer-arith -Wshadow -Wuninitialized -Winit-self -Wno-narrowing -Wno-comment -fdiagnostics-show-option -pthread -fomit-frame-pointer -ffunction-sections -fdata-sections  -mfp16-format=ieee -fvisibility=hidden  -O3 -DNDEBUG -fPIE   -o CMakeFiles/cmTC_3c3b4.dir/CheckIncludeFile.c.o   -c /home/pi/opencv-3.4.0/build/CMakeFiles/CMakeTmp/CheckIncludeFile.c
Linking C executable cmTC_3c3b4
/usr/bin/cmake -E cmake_link_script CMakeFiles/cmTC_3c3b4.dir/link.txt --verbose=1
/usr/bin/cc     -fsigned-char -W -Wall -Werror=return-type -Werror=non-virtual-dtor -Werror=address -Werror=sequence-point -Wformat -Werror=format-security -Wmissing-declarations -Wmissing-prototypes -Wstrict-prototypes -Wundef -Winit-self -Wpointer-arith -Wshadow -Wuninitialized -Winit-self -Wno-narrowing -Wno-comment -fdiagnostics-show-option -pthread -fomit-frame-pointer -ffunction-sections -fdata-sections  -mfp16-format=ieee -fvisibility=hidden  -O3 -DNDEBUG    -Wl,--gc-sections  CMakeFiles/cmTC_3c3b4.dir/CheckIncludeFile.c.o  -o cmTC_3c3b4 -rdynamic 
make[1]: Leaving directory '/home/pi/opencv-3.4.0/build/CMakeFiles/CMakeTmp'


Determining if the include file stddef.h exists passed with the following output:
Change Dir: /home/pi/opencv-3.4.0/build/CMakeFiles/CMakeTmp

Run Build Command:"/usr/bin/make" "cmTC_22271/fast"
/usr/bin/make -f CMakeFiles/cmTC_22271.dir/build.make CMakeFiles/cmTC_22271.dir/build
make[1]: Entering directory '/home/pi/opencv-3.4.0/build/CMakeFiles/CMakeTmp'
Building C object CMakeFiles/cmTC_22271.dir/CheckIncludeFile.c.o
/usr/bin/cc    -fsigned-char -W -Wall -Werror=return-type -Werror=non-virtual-dtor -Werror=address -Werror=sequence-point -Wformat -Werror=format-security -Wmissing-declarations -Wmissing-prototypes -Wstrict-prototypes -Wundef -Winit-self -Wpointer-arith -Wshadow -Wuninitialized -Winit-self -Wno-narrowing -Wno-comment -fdiagnostics-show-option -pthread -fomit-frame-pointer -ffunction-sections -fdata-sections  -mfp16-format=ieee -fvisibility=hidden  -O3 -DNDEBUG -fPIE   -o CMakeFiles/cmTC_22271.dir/CheckIncludeFile.c.o   -c /home/pi/opencv-3.4.0/build/CMakeFiles/CMakeTmp/CheckIncludeFile.c
Linking C executable cmTC_22271
/usr/bin/cmake -E cmake_link_script CMakeFiles/cmTC_22271.dir/link.txt --verbose=1
/usr/bin/cc     -fsigned-char -W -Wall -Werror=return-type -Werror=non-virtual-dtor -Werror=address -Werror=sequence-point -Wformat -Werror=format-security -Wmissing-declarations -Wmissing-prototypes -Wstrict-prototypes -Wundef -Winit-self -Wpointer-arith -Wshadow -Wuninitialized -Winit-self -Wno-narrowing -Wno-comment -fdiagnostics-show-option -pthread -fomit-frame-pointer -ffunction-sections -fdata-sections  -mfp16-format=ieee -fvisibility=hidden  -O3 -DNDEBUG    -Wl,--gc-sections  CMakeFiles/cmTC_22271.dir/CheckIncludeFile.c.o  -o cmTC_22271 -rdynamic 
make[1]: Leaving directory '/home/pi/opencv-3.4.0/build/CMakeFiles/CMakeTmp'


Determining size of unsigned short passed with the following output:
Change Dir: /home/pi/opencv-3.4.0/build/CMakeFiles/CMakeTmp

Run Build Command:"/usr/bin/make" "cmTC_a8f7f/fast"
/usr/bin/make -f CMakeFiles/cmTC_a8f7f.dir/build.make CMakeFiles/cmTC_a8f7f.dir/build
make[1]: Entering directory '/home/pi/opencv-3.4.0/build/CMakeFiles/CMakeTmp'
Building C object CMakeFiles/cmTC_a8f7f.dir/CMAKE_SIZEOF_UNSIGNED_SHORT.c.o
/usr/bin/cc    -fsigned-char -W -Wall -Werror=return-type -Werror=non-virtual-dtor -Werror=address -Werror=sequence-point -Wformat -Werror=format-security -Wmissing-declarations -Wmissing-prototypes -Wstrict-prototypes -Wundef -Winit-self -Wpointer-arith -Wshadow -Wuninitialized -Winit-self -Wno-narrowing -Wno-comment -fdiagnostics-show-option -pthread -fomit-frame-pointer -ffunction-sections -fdata-sections  -mfp16-format=ieee -fvisibility=hidden  -O3 -DNDEBUG -fPIE   -o CMakeFiles/cmTC_a8f7f.dir/CMAKE_SIZEOF_UNSIGNED_SHORT.c.o   -c /home/pi/opencv-3.4.0/build/CMakeFiles/CheckTypeSize/CMAKE_SIZEOF_UNSIGNED_SHORT.c
Linking C executable cmTC_a8f7f
/usr/bin/cmake -E cmake_link_script CMakeFiles/cmTC_a8f7f.dir/link.txt --verbose=1
/usr/bin/cc     -fsigned-char -W -Wall -Werror=return-type -Werror=non-virtual-dtor -Werror=address -Werror=sequence-point -Wformat -Werror=format-security -Wmissing-declarations -Wmissing-prototypes -Wstrict-prototypes -Wundef -Winit-self -Wpointer-arith -Wshadow -Wuninitialized -Winit-self -Wno-narrowing -Wno-comment -fdiagnostics-show-option -pthread -fomit-frame-pointer -ffunction-sections -fdata-sections  -mfp16-format=ieee -fvisibility=hidden  -O3 -DNDEBUG    -Wl,--gc-sections  CMakeFiles/cmTC_a8f7f.dir/CMAKE_SIZEOF_UNSIGNED_SHORT.c.o  -o cmTC_a8f7f -rdynamic 
make[1]: Leaving directory '/home/pi/opencv-3.4.0/build/CMakeFiles/CMakeTmp'


Determining if the system is big endian passed with the following output:
Change Dir: /home/pi/opencv-3.4.0/build/CMakeFiles/CMakeTmp

Run Build Command:"/usr/bin/make" "cmTC_516aa/fast"
/usr/bin/make -f CMakeFiles/cmTC_516aa.dir/build.make CMakeFiles/cmTC_516aa.dir/build
make[1]: Entering directory '/home/pi/opencv-3.4.0/build/CMakeFiles/CMakeTmp'
Building C object CMakeFiles/cmTC_516aa.dir/TestEndianess.c.o
/usr/bin/cc    -fsigned-char -W -Wall -Werror=return-type -Werror=non-virtual-dtor -Werror=address -Werror=sequence-point -Wformat -Werror=format-security -Wmissing-declarations -Wmissing-prototypes -Wstrict-prototypes -Wundef -Winit-self -Wpointer-arith -Wshadow -Wuninitialized -Winit-self -Wno-narrowing -Wno-comment -fdiagnostics-show-option -pthread -fomit-frame-pointer -ffunction-sections -fdata-sections  -mfp16-format=ieee -fvisibility=hidden  -O3 -DNDEBUG -fPIE   -o CMakeFiles/cmTC_516aa.dir/TestEndianess.c.o   -c /home/pi/opencv-3.4.0/build/CMakeFiles/CMakeTmp/TestEndianess.c
Linking C executable cmTC_516aa
/usr/bin/cmake -E cmake_link_script CMakeFiles/cmTC_516aa.dir/link.txt --verbose=1
/usr/bin/cc     -fsigned-char -W -Wall -Werror=return-type -Werror=non-virtual-dtor -Werror=address -Werror=sequence-point -Wformat -Werror=format-security -Wmissing-declarations -Wmissing-prototypes -Wstrict-prototypes -Wundef -Winit-self -Wpointer-arith -Wshadow -Wuninitialized -Winit-self -Wno-narrowing -Wno-comment -fdiagnostics-show-option -pthread -fomit-frame-pointer -ffunction-sections -fdata-sections  -mfp16-format=ieee -fvisibility=hidden  -O3 -DNDEBUG    -Wl,--gc-sections  CMakeFiles/cmTC_516aa.dir/TestEndianess.c.o  -o cmTC_516aa -rdynamic 
make[1]: Leaving directory '/home/pi/opencv-3.4.0/build/CMakeFiles/CMakeTmp'

TestEndianess.c:
/* A 16 bit integer is required. */
typedef unsigned short cmakeint16;

/* On a little endian machine, these 16bit ints will give "THIS IS LITTLE ENDIAN."
   On a big endian machine the characters will be exchanged pairwise. */
const cmakeint16 info_little[] =  {0x4854, 0x5349, 0x4920, 0x2053, 0x494c, 0x5454, 0x454c, 0x4520, 0x444e, 0x4149, 0x2e4e, 0x0000};

/* on a big endian machine, these 16bit ints will give "THIS IS BIG ENDIAN."
   On a little endian machine the characters will be exchanged pairwise. */
const cmakeint16 info_big[] =     {0x5448, 0x4953, 0x2049, 0x5320, 0x4249, 0x4720, 0x454e, 0x4449, 0x414e, 0x2e2e, 0x0000};

#ifdef __CLASSIC_C__
int main(argc, argv) int argc; char *argv[];
#else
int main(int argc, char *argv[])
#endif
{
  int require = 0;
  require += info_little[argc];
  require += info_big[argc];
  (void)argv;
  return require;
}


Determining if the include file /usr/include/libpng/png.h exists passed with the following output:
Change Dir: /home/pi/opencv-3.4.0/build/CMakeFiles/CMakeTmp

Run Build Command:"/usr/bin/make" "cmTC_6009e/fast"
/usr/bin/make -f CMakeFiles/cmTC_6009e.dir/build.make CMakeFiles/cmTC_6009e.dir/build
make[1]: Entering directory '/home/pi/opencv-3.4.0/build/CMakeFiles/CMakeTmp'
Building C object CMakeFiles/cmTC_6009e.dir/CheckIncludeFile.c.o
/usr/bin/cc    -fsigned-char -W -Wall -Werror=return-type -Werror=non-virtual-dtor -Werror=address -Werror=sequence-point -Wformat -Werror=format-security -Wmissing-declarations -Wmissing-prototypes -Wstrict-prototypes -Wundef -Winit-self -Wpointer-arith -Wshadow -Wuninitialized -Winit-self -Wno-narrowing -Wno-comment -fdiagnostics-show-option -pthread -fomit-frame-pointer -ffunction-sections -fdata-sections  -mfp16-format=ieee -fvisibility=hidden  -O3 -DNDEBUG -fPIE   -o CMakeFiles/cmTC_6009e.dir/CheckIncludeFile.c.o   -c /home/pi/opencv-3.4.0/build/CMakeFiles/CMakeTmp/CheckIncludeFile.c
Linking C executable cmTC_6009e
/usr/bin/cmake -E cmake_link_script CMakeFiles/cmTC_6009e.dir/link.txt --verbose=1
/usr/bin/cc     -fsigned-char -W -Wall -Werror=return-type -Werror=non-virtual-dtor -Werror=address -Werror=sequence-point -Wformat -Werror=format-security -Wmissing-declarations -Wmissing-prototypes -Wstrict-prototypes -Wundef -Winit-self -Wpointer-arith -Wshadow -Wuninitialized -Winit-self -Wno-narrowing -Wno-comment -fdiagnostics-show-option -pthread -fomit-frame-pointer -ffunction-sections -fdata-sections  -mfp16-format=ieee -fvisibility=hidden  -O3 -DNDEBUG    -Wl,--gc-sections  CMakeFiles/cmTC_6009e.dir/CheckIncludeFile.c.o  -o cmTC_6009e -rdynamic 
make[1]: Leaving directory '/home/pi/opencv-3.4.0/build/CMakeFiles/CMakeTmp'


Determining if the include file semaphore.h exists passed with the following output:
Change Dir: /home/pi/opencv-3.4.0/build/CMakeFiles/CMakeTmp

Run Build Command:"/usr/bin/make" "cmTC_32d1d/fast"
/usr/bin/make -f CMakeFiles/cmTC_32d1d.dir/build.make CMakeFiles/cmTC_32d1d.dir/build
make[1]: Entering directory '/home/pi/opencv-3.4.0/build/CMakeFiles/CMakeTmp'
Building C object CMakeFiles/cmTC_32d1d.dir/CheckIncludeFile.c.o
/usr/bin/cc    -fsigned-char -W -Wall -Werror=return-type -Werror=non-virtual-dtor -Werror=address -Werror=sequence-point -Wformat -Werror=format-security -Wmissing-declarations -Wmissing-prototypes -Wstrict-prototypes -Wundef -Winit-self -Wpointer-arith -Wshadow -Wuninitialized -Winit-self -Wno-narrowing -Wno-comment -fdiagnostics-show-option -pthread -fomit-frame-pointer -ffunction-sections -fdata-sections  -mfp16-format=ieee -fvisibility=hidden  -O3 -DNDEBUG -fPIE   -o CMakeFiles/cmTC_32d1d.dir/CheckIncludeFile.c.o   -c /home/pi/opencv-3.4.0/build/CMakeFiles/CMakeTmp/CheckIncludeFile.c
Linking C executable cmTC_32d1d
/usr/bin/cmake -E cmake_link_script CMakeFiles/cmTC_32d1d.dir/link.txt --verbose=1
/usr/bin/cc     -fsigned-char -W -Wall -Werror=return-type -Werror=non-virtual-dtor -Werror=address -Werror=sequence-point -Wformat -Werror=format-security -Wmissing-declarations -Wmissing-prototypes -Wstrict-prototypes -Wundef -Winit-self -Wpointer-arith -Wshadow -Wuninitialized -Winit-self -Wno-narrowing -Wno-comment -fdiagnostics-show-option -pthread -fomit-frame-pointer -ffunction-sections -fdata-sections  -mfp16-format=ieee -fvisibility=hidden  -O3 -DNDEBUG    -Wl,--gc-sections  CMakeFiles/cmTC_32d1d.dir/CheckIncludeFile.c.o  -o cmTC_32d1d -rdynamic 
make[1]: Leaving directory '/home/pi/opencv-3.4.0/build/CMakeFiles/CMakeTmp'


Determining if the include file linux/videodev2.h exists passed with the following output:
Change Dir: /home/pi/opencv-3.4.0/build/CMakeFiles/CMakeTmp

Run Build Command:"/usr/bin/make" "cmTC_2be27/fast"
/usr/bin/make -f CMakeFiles/cmTC_2be27.dir/build.make CMakeFiles/cmTC_2be27.dir/build
make[1]: Entering directory '/home/pi/opencv-3.4.0/build/CMakeFiles/CMakeTmp'
Building C object CMakeFiles/cmTC_2be27.dir/CheckIncludeFile.c.o
/usr/bin/cc    -fsigned-char -W -Wall -Werror=return-type -Werror=non-virtual-dtor -Werror=address -Werror=sequence-point -Wformat -Werror=format-security -Wmissing-declarations -Wmissing-prototypes -Wstrict-prototypes -Wundef -Winit-self -Wpointer-arith -Wshadow -Wuninitialized -Winit-self -Wno-narrowing -Wno-comment -fdiagnostics-show-option -pthread -fomit-frame-pointer -ffunction-sections -fdata-sections  -mfp16-format=ieee -fvisibility=hidden  -O3 -DNDEBUG -fPIE   -o CMakeFiles/cmTC_2be27.dir/CheckIncludeFile.c.o   -c /home/pi/opencv-3.4.0/build/CMakeFiles/CMakeTmp/CheckIncludeFile.c
Linking C executable cmTC_2be27
/usr/bin/cmake -E cmake_link_script CMakeFiles/cmTC_2be27.dir/link.txt --verbose=1
/usr/bin/cc     -fsigned-char -W -Wall -Werror=return-type -Werror=non-virtual-dtor -Werror=address -Werror=sequence-point -Wformat -Werror=format-security -Wmissing-declarations -Wmissing-prototypes -Wstrict-prototypes -Wundef -Winit-self -Wpointer-arith -Wshadow -Wuninitialized -Winit-self -Wno-narrowing -Wno-comment -fdiagnostics-show-option -pthread -fomit-frame-pointer -ffunction-sections -fdata-sections  -mfp16-format=ieee -fvisibility=hidden  -O3 -DNDEBUG    -Wl,--gc-sections  CMakeFiles/cmTC_2be27.dir/CheckIncludeFile.c.o  -o cmTC_2be27 -rdynamic 
make[1]: Leaving directory '/home/pi/opencv-3.4.0/build/CMakeFiles/CMakeTmp'


Determining if the function dgemm_ exists passed with the following output:
Change Dir: /home/pi/opencv-3.4.0/build/CMakeFiles/CMakeTmp

Run Build Command:"/usr/bin/make" "cmTC_0b458/fast"
/usr/bin/make -f CMakeFiles/cmTC_0b458.dir/build.make CMakeFiles/cmTC_0b458.dir/build
make[1]: Entering directory '/home/pi/opencv-3.4.0/build/CMakeFiles/CMakeTmp'
Building C object CMakeFiles/cmTC_0b458.dir/CheckFunctionExists.c.o
/usr/bin/cc    -fsigned-char -W -Wall -Werror=return-type -Werror=non-virtual-dtor -Werror=address -Werror=sequence-point -Wformat -Werror=format-security -Wmissing-declarations -Wmissing-prototypes -Wstrict-prototypes -Wundef -Winit-self -Wpointer-arith -Wshadow -Wuninitialized -Winit-self -Wno-narrowing -Wno-comment -fdiagnostics-show-option -pthread -fomit-frame-pointer -ffunction-sections -fdata-sections  -mfp16-format=ieee -fvisibility=hidden -DCHECK_FUNCTION_EXISTS=dgemm_ -O3 -DNDEBUG -fPIE   -o CMakeFiles/cmTC_0b458.dir/CheckFunctionExists.c.o   -c /usr/share/cmake-3.7/Modules/CheckFunctionExists.c
/usr/share/cmake-3.7/Modules/CheckFunctionExists.c:7:3: warning: function declaration isnt a prototype [-Wstrict-prototypes]
   CHECK_FUNCTION_EXISTS();
   ^~~~~~~~~~~~~~~~~~~~~
Linking C executable cmTC_0b458
/usr/bin/cmake -E cmake_link_script CMakeFiles/cmTC_0b458.dir/link.txt --verbose=1
/usr/bin/cc     -fsigned-char -W -Wall -Werror=return-type -Werror=non-virtual-dtor -Werror=address -Werror=sequence-point -Wformat -Werror=format-security -Wmissing-declarations -Wmissing-prototypes -Wstrict-prototypes -Wundef -Winit-self -Wpointer-arith -Wshadow -Wuninitialized -Winit-self -Wno-narrowing -Wno-comment -fdiagnostics-show-option -pthread -fomit-frame-pointer -ffunction-sections -fdata-sections  -mfp16-format=ieee -fvisibility=hidden -DCHECK_FUNCTION_EXISTS=dgemm_ -O3 -DNDEBUG    -Wl,--gc-sections  CMakeFiles/cmTC_0b458.dir/CheckFunctionExists.c.o  -o cmTC_0b458 -rdynamic /usr/lib/libf77blas.so /usr/lib/libatlas.so 
make[1]: Leaving directory '/home/pi/opencv-3.4.0/build/CMakeFiles/CMakeTmp'


Determining if the include file pthread.h exists passed with the following output:
Change Dir: /home/pi/opencv-3.4.0/build/CMakeFiles/CMakeTmp

Run Build Command:"/usr/bin/make" "cmTC_f3038/fast"
/usr/bin/make -f CMakeFiles/cmTC_f3038.dir/build.make CMakeFiles/cmTC_f3038.dir/build
make[1]: Entering directory '/home/pi/opencv-3.4.0/build/CMakeFiles/CMakeTmp'
Building C object CMakeFiles/cmTC_f3038.dir/CheckIncludeFile.c.o
/usr/bin/cc    -fsigned-char -W -Wall -Werror=return-type -Werror=non-virtual-dtor -Werror=address -Werror=sequence-point -Wformat -Werror=format-security -Wmissing-declarations -Wmissing-prototypes -Wstrict-prototypes -Wundef -Winit-self -Wpointer-arith -Wshadow -Wuninitialized -Winit-self -Wno-narrowing -Wno-comment -fdiagnostics-show-option -pthread -fomit-frame-pointer -ffunction-sections -fdata-sections  -mfp16-format=ieee -fvisibility=hidden  -O3 -DNDEBUG -fPIE   -o CMakeFiles/cmTC_f3038.dir/CheckIncludeFile.c.o   -c /home/pi/opencv-3.4.0/build/CMakeFiles/CMakeTmp/CheckIncludeFile.c
Linking C executable cmTC_f3038
/usr/bin/cmake -E cmake_link_script CMakeFiles/cmTC_f3038.dir/link.txt --verbose=1
/usr/bin/cc     -fsigned-char -W -Wall -Werror=return-type -Werror=non-virtual-dtor -Werror=address -Werror=sequence-point -Wformat -Werror=format-security -Wmissing-declarations -Wmissing-prototypes -Wstrict-prototypes -Wundef -Winit-self -Wpointer-arith -Wshadow -Wuninitialized -Winit-self -Wno-narrowing -Wno-comment -fdiagnostics-show-option -pthread -fomit-frame-pointer -ffunction-sections -fdata-sections  -mfp16-format=ieee -fvisibility=hidden  -O3 -DNDEBUG    -Wl,--gc-sections  CMakeFiles/cmTC_f3038.dir/CheckIncludeFile.c.o  -o cmTC_f3038 -rdynamic 
make[1]: Leaving directory '/home/pi/opencv-3.4.0/build/CMakeFiles/CMakeTmp'


Determining if the pthread_create exist passed with the following output:
Change Dir: /home/pi/opencv-3.4.0/build/CMakeFiles/CMakeTmp

Run Build Command:"/usr/bin/make" "cmTC_5e5a6/fast"
/usr/bin/make -f CMakeFiles/cmTC_5e5a6.dir/build.make CMakeFiles/cmTC_5e5a6.dir/build
make[1]: Entering directory '/home/pi/opencv-3.4.0/build/CMakeFiles/CMakeTmp'
Building C object CMakeFiles/cmTC_5e5a6.dir/CheckSymbolExists.c.o
/usr/bin/cc    -fsigned-char -W -Wall -Werror=return-type -Werror=non-virtual-dtor -Werror=address -Werror=sequence-point -Wformat -Werror=format-security -Wmissing-declarations -Wmissing-prototypes -Wstrict-prototypes -Wundef -Winit-self -Wpointer-arith -Wshadow -Wuninitialized -Winit-self -Wno-narrowing -Wno-comment -fdiagnostics-show-option -pthread -fomit-frame-pointer -ffunction-sections -fdata-sections  -mfp16-format=ieee -fvisibility=hidden  -O3 -DNDEBUG -fPIE   -o CMakeFiles/cmTC_5e5a6.dir/CheckSymbolExists.c.o   -c /home/pi/opencv-3.4.0/build/CMakeFiles/CMakeTmp/CheckSymbolExists.c
Linking C executable cmTC_5e5a6
/usr/bin/cmake -E cmake_link_script CMakeFiles/cmTC_5e5a6.dir/link.txt --verbose=1
/usr/bin/cc     -fsigned-char -W -Wall -Werror=return-type -Werror=non-virtual-dtor -Werror=address -Werror=sequence-point -Wformat -Werror=format-security -Wmissing-declarations -Wmissing-prototypes -Wstrict-prototypes -Wundef -Winit-self -Wpointer-arith -Wshadow -Wuninitialized -Winit-self -Wno-narrowing -Wno-comment -fdiagnostics-show-option -pthread -fomit-frame-pointer -ffunction-sections -fdata-sections  -mfp16-format=ieee -fvisibility=hidden  -O3 -DNDEBUG    -Wl,--gc-sections  CMakeFiles/cmTC_5e5a6.dir/CheckSymbolExists.c.o  -o cmTC_5e5a6 -rdynamic 
make[1]: Leaving directory '/home/pi/opencv-3.4.0/build/CMakeFiles/CMakeTmp'

File /home/pi/opencv-3.4.0/build/CMakeFiles/CMakeTmp/CheckSymbolExists.c:
/* */
#include <pthread.h>

int main(int argc, char** argv)
{
  (void)argv;
#ifndef pthread_create
  return ((int*)(&pthread_create))[argc];
#else
  (void)argc;
  return 0;
#endif
}

Determining if the function cheev_ exists passed with the following output:
Change Dir: /home/pi/opencv-3.4.0/build/CMakeFiles/CMakeTmp

Run Build Command:"/usr/bin/make" "cmTC_e0423/fast"
/usr/bin/make -f CMakeFiles/cmTC_e0423.dir/build.make CMakeFiles/cmTC_e0423.dir/build
make[1]: Entering directory '/home/pi/opencv-3.4.0/build/CMakeFiles/CMakeTmp'
Building C object CMakeFiles/cmTC_e0423.dir/CheckFunctionExists.c.o
/usr/bin/cc    -fsigned-char -W -Wall -Werror=return-type -Werror=non-virtual-dtor -Werror=address -Werror=sequence-point -Wformat -Werror=format-security -Wmissing-declarations -Wmissing-prototypes -Wstrict-prototypes -Wundef -Winit-self -Wpointer-arith -Wshadow -Wuninitialized -Winit-self -Wno-narrowing -Wno-comment -fdiagnostics-show-option -pthread -fomit-frame-pointer -ffunction-sections -fdata-sections  -mfp16-format=ieee -fvisibility=hidden -DCHECK_FUNCTION_EXISTS=cheev_ -O3 -DNDEBUG -fPIE   -o CMakeFiles/cmTC_e0423.dir/CheckFunctionExists.c.o   -c /usr/share/cmake-3.7/Modules/CheckFunctionExists.c
/usr/share/cmake-3.7/Modules/CheckFunctionExists.c:7:3: warning: function declaration isnt a prototype [-Wstrict-prototypes]
   CHECK_FUNCTION_EXISTS();
   ^~~~~~~~~~~~~~~~~~~~~
Linking C executable cmTC_e0423
/usr/bin/cmake -E cmake_link_script CMakeFiles/cmTC_e0423.dir/link.txt --verbose=1
/usr/bin/cc     -fsigned-char -W -Wall -Werror=return-type -Werror=non-virtual-dtor -Werror=address -Werror=sequence-point -Wformat -Werror=format-security -Wmissing-declarations -Wmissing-prototypes -Wstrict-prototypes -Wundef -Winit-self -Wpointer-arith -Wshadow -Wuninitialized -Winit-self -Wno-narrowing -Wno-comment -fdiagnostics-show-option -pthread -fomit-frame-pointer -ffunction-sections -fdata-sections  -mfp16-format=ieee -fvisibility=hidden -DCHECK_FUNCTION_EXISTS=cheev_ -O3 -DNDEBUG    -Wl,--gc-sections  CMakeFiles/cmTC_e0423.dir/CheckFunctionExists.c.o  -o cmTC_e0423 -rdynamic /usr/lib/liblapack.so /usr/lib/libf77blas.so /usr/lib/libatlas.so 
make[1]: Leaving directory '/home/pi/opencv-3.4.0/build/CMakeFiles/CMakeTmp'


Performing C++ SOURCE FILE Test CXX_HAS_MFPU_NEON succeeded with the following output:
Change Dir: /home/pi/opencv-3.4.0/build/CMakeFiles/CMakeTmp

Run Build Command:"/usr/bin/make" "cmTC_3ab36/fast"
/usr/bin/make -f CMakeFiles/cmTC_3ab36.dir/build.make CMakeFiles/cmTC_3ab36.dir/build
make[1]: Entering directory '/home/pi/opencv-3.4.0/build/CMakeFiles/CMakeTmp'
Building CXX object CMakeFiles/cmTC_3ab36.dir/src.cxx.o
/usr/bin/c++     -fsigned-char -W -Wall -Werror=return-type -Werror=non-virtual-dtor -Werror=address -Werror=sequence-point -Wformat -Werror=format-security -Wmissing-declarations -Wundef -Winit-self -Wpointer-arith -Wshadow -Wsign-promo -Wuninitialized -Winit-self -Wno-narrowing -Wno-delete-non-virtual-dtor -Wno-comment -fdiagnostics-show-option -pthread -fomit-frame-pointer -ffunction-sections -fdata-sections  -mfp16-format=ieee -fvisibility=hidden -fvisibility-inlines-hidden -funwind-tables -fweb -fwrapv -frename-registers -fsched2-use-superblocks -fsched2-use-traces -fsched-stalled-insns-dep=100 -fsched-stalled-insns=2 -DCXX_HAS_MFPU_NEON -O3 -DNDEBUG -fPIE   -mfpu=neon -o CMakeFiles/cmTC_3ab36.dir/src.cxx.o -c /home/pi/opencv-3.4.0/build/CMakeFiles/CMakeTmp/src.cxx
Linking CXX executable cmTC_3ab36
/usr/bin/cmake -E cmake_link_script CMakeFiles/cmTC_3ab36.dir/link.txt --verbose=1
/usr/bin/c++      -fsigned-char -W -Wall -Werror=return-type -Werror=non-virtual-dtor -Werror=address -Werror=sequence-point -Wformat -Werror=format-security -Wmissing-declarations -Wundef -Winit-self -Wpointer-arith -Wshadow -Wsign-promo -Wuninitialized -Winit-self -Wno-narrowing -Wno-delete-non-virtual-dtor -Wno-comment -fdiagnostics-show-option -pthread -fomit-frame-pointer -ffunction-sections -fdata-sections  -mfp16-format=ieee -fvisibility=hidden -fvisibility-inlines-hidden -funwind-tables -fweb -fwrapv -frename-registers -fsched2-use-superblocks -fsched2-use-traces -fsched-stalled-insns-dep=100 -fsched-stalled-insns=2 -DCXX_HAS_MFPU_NEON -O3 -DNDEBUG    CMakeFiles/cmTC_3ab36.dir/src.cxx.o  -o cmTC_3ab36 -rdynamic 
make[1]: Leaving directory '/home/pi/opencv-3.4.0/build/CMakeFiles/CMakeTmp'

Source file was:
int main() { return 0; }
Performing C SOURCE FILE Test C_HAS_MFPU_NEON succeeded with the following output:
Change Dir: /home/pi/opencv-3.4.0/build/CMakeFiles/CMakeTmp

Run Build Command:"/usr/bin/make" "cmTC_b1af7/fast"
/usr/bin/make -f CMakeFiles/cmTC_b1af7.dir/build.make CMakeFiles/cmTC_b1af7.dir/build
make[1]: Entering directory '/home/pi/opencv-3.4.0/build/CMakeFiles/CMakeTmp'
Building C object CMakeFiles/cmTC_b1af7.dir/src.c.o
/usr/bin/cc    -fsigned-char -W -Wall -Werror=return-type -Werror=non-virtual-dtor -Werror=address -Werror=sequence-point -Wformat -Werror=format-security -Wmissing-declarations -Wmissing-prototypes -Wstrict-prototypes -Wundef -Winit-self -Wpointer-arith -Wshadow -Wuninitialized -Winit-self -Wno-narrowing -Wno-comment -fdiagnostics-show-option -pthread -fomit-frame-pointer -ffunction-sections -fdata-sections  -mfp16-format=ieee -fvisibility=hidden -funwind-tables -fweb -fwrapv -frename-registers -fsched2-use-superblocks -fsched2-use-traces -fsched-stalled-insns-dep=100 -fsched-stalled-insns=2 -DC_HAS_MFPU_NEON -O3 -DNDEBUG -fPIE   -mfpu=neon -o CMakeFiles/cmTC_b1af7.dir/src.c.o   -c /home/pi/opencv-3.4.0/build/CMakeFiles/CMakeTmp/src.c
Linking C executable cmTC_b1af7
/usr/bin/cmake -E cmake_link_script CMakeFiles/cmTC_b1af7.dir/link.txt --verbose=1
/usr/bin/cc     -fsigned-char -W -Wall -Werror=return-type -Werror=non-virtual-dtor -Werror=address -Werror=sequence-point -Wformat -Werror=format-security -Wmissing-declarations -Wmissing-prototypes -Wstrict-prototypes -Wundef -Winit-self -Wpointer-arith -Wshadow -Wuninitialized -Winit-self -Wno-narrowing -Wno-comment -fdiagnostics-show-option -pthread -fomit-frame-pointer -ffunction-sections -fdata-sections  -mfp16-format=ieee -fvisibility=hidden -funwind-tables -fweb -fwrapv -frename-registers -fsched2-use-superblocks -fsched2-use-traces -fsched-stalled-insns-dep=100 -fsched-stalled-insns=2 -DC_HAS_MFPU_NEON -O3 -DNDEBUG    CMakeFiles/cmTC_b1af7.dir/src.c.o  -o cmTC_b1af7 -rdynamic 
make[1]: Leaving directory '/home/pi/opencv-3.4.0/build/CMakeFiles/CMakeTmp'

Source file was:
int main(void) { return 0; }
